<?xml version="1.0" encoding="UTF-8"?>
<coverage generated="1775741013603" clover="3.2.0">
  <project timestamp="1775741013603" name="All files">
    <metrics statements="315" coveredstatements="286" conditionals="194" coveredconditionals="135" methods="87" coveredmethods="73" elements="596" coveredelements="494" complexity="0" loc="315" ncloc="315" packages="8" files="23" classes="23"/>
    <package name="src">
      <metrics statements="1" coveredstatements="1" conditionals="0" coveredconditionals="0" methods="1" coveredmethods="1"/>
      <file name="App.tsx" path="C:\Full Stack\flower-shop\frontend\src\App.tsx">
        <metrics statements="1" coveredstatements="1" conditionals="0" coveredconditionals="0" methods="1" coveredmethods="1"/>
        <line num="10" count="7" type="stmt"/>
      </file>
    </package>
    <package name="src.components.home">
      <metrics statements="78" coveredstatements="75" conditionals="45" coveredconditionals="34" methods="15" coveredmethods="15"/>
      <file name="BenefitsSection.tsx" path="C:\Full Stack\flower-shop\frontend\src\components\home\BenefitsSection.tsx">
        <metrics statements="37" coveredstatements="36" conditionals="30" coveredconditionals="26" methods="4" coveredmethods="4"/>
        <line num="9" count="2" type="stmt"/>
        <line num="15" count="2" type="stmt"/>
        <line num="16" count="9" type="stmt"/>
        <line num="18" count="9" type="stmt"/>
        <line num="19" count="108" type="stmt"/>
        <line num="21" count="108" type="cond" truecount="2" falsecount="0"/>
        <line num="22" count="36" type="cond" truecount="2" falsecount="0"/>
        <line num="23" count="9" type="stmt"/>
        <line num="26" count="27" type="cond" truecount="2" falsecount="0"/>
        <line num="27" count="9" type="stmt"/>
        <line num="30" count="18" type="cond" truecount="2" falsecount="0"/>
        <line num="31" count="9" type="stmt"/>
        <line num="34" count="9" type="cond" truecount="1" falsecount="1"/>
        <line num="35" count="9" type="stmt"/>
        <line num="39" count="72" type="cond" truecount="2" falsecount="0"/>
        <line num="40" count="36" type="cond" truecount="2" falsecount="0"/>
        <line num="41" count="9" type="stmt"/>
        <line num="44" count="27" type="cond" truecount="2" falsecount="0"/>
        <line num="45" count="9" type="stmt"/>
        <line num="48" count="18" type="cond" truecount="2" falsecount="0"/>
        <line num="49" count="9" type="stmt"/>
        <line num="52" count="9" type="cond" truecount="1" falsecount="1"/>
        <line num="53" count="9" type="stmt"/>
        <line num="57" count="36" type="cond" truecount="1" falsecount="1"/>
        <line num="58" count="36" type="cond" truecount="2" falsecount="0"/>
        <line num="59" count="9" type="stmt"/>
        <line num="62" count="27" type="cond" truecount="2" falsecount="0"/>
        <line num="63" count="9" type="stmt"/>
        <line num="66" count="18" type="cond" truecount="2" falsecount="0"/>
        <line num="67" count="9" type="stmt"/>
        <line num="70" count="9" type="cond" truecount="1" falsecount="1"/>
        <line num="71" count="9" type="stmt"/>
        <line num="75" count="0" type="stmt"/>
        <line num="78" count="9" type="stmt"/>
        <line num="89" count="27" type="stmt"/>
        <line num="107" count="108" type="stmt"/>
        <line num="123" count="2" type="stmt"/>
      </file>
      <file name="CustomBouquetSection.tsx" path="C:\Full Stack\flower-shop\frontend\src\components\home\CustomBouquetSection.tsx">
        <metrics statements="4" coveredstatements="4" conditionals="0" coveredconditionals="0" methods="2" coveredmethods="2"/>
        <line num="12" count="2" type="stmt"/>
        <line num="13" count="9" type="stmt"/>
        <line num="26" count="18" type="stmt"/>
        <line num="74" count="2" type="stmt"/>
      </file>
      <file name="FeaturedCarousel.tsx" path="C:\Full Stack\flower-shop\frontend\src\components\home\FeaturedCarousel.tsx">
        <metrics statements="23" coveredstatements="21" conditionals="15" coveredconditionals="8" methods="6" coveredmethods="6"/>
        <line num="19" count="2" type="stmt"/>
        <line num="26" count="2" type="stmt"/>
        <line num="28" count="2" type="stmt"/>
        <line num="29" count="8" type="cond" truecount="3" falsecount="1"/>
        <line num="33" count="8" type="stmt"/>
        <line num="41" count="2" type="stmt"/>
        <line num="42" count="17" type="stmt"/>
        <line num="44" count="17" type="stmt"/>
        <line num="45" count="9" type="stmt"/>
        <line num="47" count="9" type="stmt"/>
        <line num="48" count="9" type="stmt"/>
        <line num="49" count="9" type="stmt"/>
        <line num="50" count="9" type="cond" truecount="1" falsecount="1"/>
        <line num="52" count="9" type="cond" truecount="4" falsecount="0"/>
        <line num="53" count="8" type="stmt"/>
        <line num="56" count="0" type="cond" truecount="0" falsecount="2"/>
        <line num="57" count="0" type="stmt"/>
        <line num="62" count="9" type="stmt"/>
        <line num="64" count="9" type="stmt"/>
        <line num="65" count="9" type="stmt"/>
        <line num="69" count="17" type="stmt"/>
        <line num="81" count="44" type="stmt"/>
        <line num="116" count="2" type="stmt"/>
      </file>
      <file name="FlowerMeSection.tsx" path="C:\Full Stack\flower-shop\frontend\src\components\home\FlowerMeSection.tsx">
        <metrics statements="3" coveredstatements="3" conditionals="0" coveredconditionals="0" methods="1" coveredmethods="1"/>
        <line num="10" count="2" type="stmt"/>
        <line num="11" count="9" type="stmt"/>
        <line num="48" count="2" type="stmt"/>
      </file>
      <file name="HeroSection.tsx" path="C:\Full Stack\flower-shop\frontend\src\components\home\HeroSection.tsx">
        <metrics statements="8" coveredstatements="8" conditionals="0" coveredconditionals="0" methods="1" coveredmethods="1"/>
        <line num="12" count="2" type="stmt"/>
        <line num="13" count="9" type="stmt"/>
        <line num="14" count="9" type="stmt"/>
        <line num="15" count="9" type="stmt"/>
        <line num="16" count="9" type="stmt"/>
        <line num="17" count="9" type="stmt"/>
        <line num="19" count="9" type="stmt"/>
        <line num="71" count="2" type="stmt"/>
      </file>
      <file name="HowItWorks.tsx" path="C:\Full Stack\flower-shop\frontend\src\components\home\HowItWorks.tsx">
        <metrics statements="3" coveredstatements="3" conditionals="0" coveredconditionals="0" methods="1" coveredmethods="1"/>
        <line num="8" count="2" type="stmt"/>
        <line num="9" count="9" type="stmt"/>
        <line num="45" count="2" type="stmt"/>
      </file>
    </package>
    <package name="src.components.layout">
      <metrics statements="34" coveredstatements="31" conditionals="17" coveredconditionals="16" methods="16" coveredmethods="14"/>
      <file name="Footer.tsx" path="C:\Full Stack\flower-shop\frontend\src\components\layout\Footer.tsx">
        <metrics statements="13" coveredstatements="12" conditionals="4" coveredconditionals="3" methods="5" coveredmethods="5"/>
        <line num="12" count="2" type="stmt"/>
        <line num="20" count="2" type="stmt"/>
        <line num="21" count="17" type="stmt"/>
        <line num="22" count="17" type="stmt"/>
        <line num="24" count="17" type="stmt"/>
        <line num="35" count="85" type="stmt"/>
        <line num="37" count="85" type="cond" truecount="1" falsecount="1"/>
        <line num="38" count="0" type="stmt"/>
        <line num="41" count="85" type="stmt"/>
        <line num="61" count="204" type="stmt"/>
        <line num="74" count="170" type="stmt"/>
        <line num="98" count="255" type="stmt"/>
        <line num="125" count="2" type="stmt"/>
      </file>
      <file name="Layout.tsx" path="C:\Full Stack\flower-shop\frontend\src\components\layout\Layout.tsx">
        <metrics statements="3" coveredstatements="3" conditionals="3" coveredconditionals="3" methods="1" coveredmethods="1"/>
        <line num="16" count="2" type="stmt"/>
        <line num="21" count="17" type="stmt"/>
        <line num="37" count="2" type="stmt"/>
      </file>
      <file name="Navigation.tsx" path="C:\Full Stack\flower-shop\frontend\src\components\layout\Navigation.tsx">
        <metrics statements="18" coveredstatements="16" conditionals="10" coveredconditionals="10" methods="10" coveredmethods="8"/>
        <line num="19" count="3" type="stmt"/>
        <line num="20" count="23" type="stmt"/>
        <line num="21" count="23" type="stmt"/>
        <line num="22" count="23" type="stmt"/>
        <line num="24" count="23" type="stmt"/>
        <line num="25" count="23" type="stmt"/>
        <line num="30" count="23" type="stmt"/>
        <line num="47" count="115" type="cond" truecount="2" falsecount="0"/>
        <line num="48" count="23" type="stmt"/>
        <line num="52" count="1" type="stmt"/>
        <line num="53" count="0" type="stmt"/>
        <line num="58" count="0" type="stmt"/>
        <line num="73" count="2" type="stmt"/>
        <line num="88" count="92" type="stmt"/>
        <line num="120" count="1" type="stmt"/>
        <line num="158" count="5" type="stmt"/>
        <line num="170" count="2" type="stmt"/>
        <line num="185" count="3" type="stmt"/>
      </file>
    </package>
    <package name="src.components.ui">
      <metrics statements="8" coveredstatements="8" conditionals="22" coveredconditionals="15" methods="1" coveredmethods="1"/>
      <file name="Button.tsx" path="C:\Full Stack\flower-shop\frontend\src\components\ui\Button.tsx">
        <metrics statements="8" coveredstatements="8" conditionals="22" coveredconditionals="15" methods="1" coveredmethods="1"/>
        <line num="10" count="2" type="stmt"/>
        <line num="24" count="36" type="stmt"/>
        <line num="27" count="36" type="stmt"/>
        <line num="35" count="36" type="stmt"/>
        <line num="43" count="36" type="cond" truecount="3" falsecount="1"/>
        <line num="45" count="36" type="stmt"/>
        <line num="54" count="36" type="stmt"/>
        <line num="95" count="2" type="stmt"/>
      </file>
    </package>
    <package name="src.hooks">
      <metrics statements="53" coveredstatements="46" conditionals="20" coveredconditionals="6" methods="17" coveredmethods="14"/>
      <file name="useCategories.ts" path="C:\Full Stack\flower-shop\frontend\src\hooks\useCategories.ts">
        <metrics statements="20" coveredstatements="18" conditionals="6" coveredconditionals="2" methods="7" coveredmethods="6"/>
        <line num="5" count="2" type="stmt"/>
        <line num="6" count="2" type="stmt"/>
        <line num="8" count="2" type="stmt"/>
        <line num="9" count="13" type="cond" truecount="1" falsecount="1"/>
        <line num="10" count="13" type="stmt"/>
        <line num="11" count="13" type="stmt"/>
        <line num="15" count="13" type="stmt"/>
        <line num="16" count="13" type="stmt"/>
        <line num="19" count="2" type="stmt"/>
        <line num="20" count="19" type="stmt"/>
        <line num="22" count="19" type="stmt"/>
        <line num="23" count="13" type="stmt"/>
        <line num="25" count="13" type="stmt"/>
        <line num="27" count="13" type="cond" truecount="1" falsecount="1"/>
        <line num="28" count="13" type="stmt"/>
        <line num="32" count="0" type="cond" truecount="0" falsecount="2"/>
        <line num="33" count="0" type="stmt"/>
        <line num="37" count="13" type="stmt"/>
        <line num="38" count="13" type="stmt"/>
        <line num="42" count="19" type="stmt"/>
      </file>
      <file name="useSiteConfig.ts" path="C:\Full Stack\flower-shop\frontend\src\hooks\useSiteConfig.ts">
        <metrics statements="33" coveredstatements="28" conditionals="14" coveredconditionals="4" methods="10" coveredmethods="8"/>
        <line num="11" count="2" type="stmt"/>
        <line num="12" count="2" type="stmt"/>
        <line num="13" count="2" type="stmt"/>
        <line num="15" count="2" type="stmt"/>
        <line num="16" count="17" type="stmt"/>
        <line num="18" count="17" type="stmt"/>
        <line num="19" count="85" type="stmt"/>
        <line num="22" count="17" type="stmt"/>
        <line num="23" count="17" type="cond" truecount="2" falsecount="2"/>
        <line num="24" count="0" type="stmt"/>
        <line num="25" count="0" type="cond" truecount="0" falsecount="4"/>
        <line num="26" count="0" type="stmt"/>
        <line num="31" count="17" type="stmt"/>
        <line num="34" count="2" type="stmt"/>
        <line num="35" count="13" type="cond" truecount="1" falsecount="1"/>
        <line num="36" count="13" type="stmt"/>
        <line num="37" count="13" type="stmt"/>
        <line num="41" count="13" type="stmt"/>
        <line num="42" count="13" type="stmt"/>
        <line num="45" count="2" type="stmt"/>
        <line num="46" count="17" type="stmt"/>
        <line num="48" count="17" type="stmt"/>
        <line num="49" count="13" type="stmt"/>
        <line num="51" count="13" type="stmt"/>
        <line num="52" count="13" type="stmt"/>
        <line num="54" count="13" type="cond" truecount="1" falsecount="1"/>
        <line num="55" count="13" type="stmt"/>
        <line num="59" count="13" type="stmt"/>
        <line num="60" count="0" type="cond" truecount="0" falsecount="2"/>
        <line num="61" count="0" type="stmt"/>
        <line num="65" count="13" type="stmt"/>
        <line num="66" count="13" type="stmt"/>
        <line num="70" count="17" type="stmt"/>
      </file>
    </package>
    <package name="src.pages">
      <metrics statements="104" coveredstatements="94" conditionals="82" coveredconditionals="57" methods="24" coveredmethods="21"/>
      <file name="BestSellersPage.tsx" path="C:\Full Stack\flower-shop\frontend\src\pages\BestSellersPage.tsx">
        <metrics statements="22" coveredstatements="18" conditionals="18" coveredconditionals="8" methods="6" coveredmethods="4"/>
        <line num="14" count="1" type="stmt"/>
        <line num="15" count="0" type="cond" truecount="0" falsecount="4"/>
        <line num="19" count="0" type="stmt"/>
        <line num="27" count="1" type="stmt"/>
        <line num="28" count="2" type="stmt"/>
        <line num="29" count="2" type="stmt"/>
        <line num="31" count="2" type="stmt"/>
        <line num="32" count="1" type="stmt"/>
        <line num="34" count="1" type="stmt"/>
        <line num="35" count="1" type="stmt"/>
        <line num="36" count="1" type="stmt"/>
        <line num="37" count="1" type="cond" truecount="1" falsecount="1"/>
        <line num="39" count="1" type="cond" truecount="3" falsecount="1"/>
        <line num="40" count="0" type="stmt"/>
        <line num="43" count="1" type="cond" truecount="1" falsecount="1"/>
        <line num="44" count="1" type="stmt"/>
        <line num="49" count="1" type="stmt"/>
        <line num="51" count="1" type="stmt"/>
        <line num="52" count="1" type="stmt"/>
        <line num="56" count="2" type="stmt"/>
        <line num="74" count="0" type="stmt"/>
        <line num="114" count="1" type="stmt"/>
      </file>
      <file name="HomePage.tsx" path="C:\Full Stack\flower-shop\frontend\src\pages\HomePage.tsx">
        <metrics statements="3" coveredstatements="3" conditionals="0" coveredconditionals="0" methods="1" coveredmethods="1"/>
        <line num="15" count="2" type="stmt"/>
        <line num="16" count="9" type="stmt"/>
        <line num="41" count="2" type="stmt"/>
      </file>
      <file name="NotFoundPage.tsx" path="C:\Full Stack\flower-shop\frontend\src\pages\NotFoundPage.tsx">
        <metrics statements="2" coveredstatements="2" conditionals="0" coveredconditionals="0" methods="1" coveredmethods="1"/>
        <line num="1" count="1" type="stmt"/>
        <line num="2" count="1" type="stmt"/>
      </file>
      <file name="ProductDetailPage.tsx" path="C:\Full Stack\flower-shop\frontend\src\pages\ProductDetailPage.tsx">
        <metrics statements="41" coveredstatements="37" conditionals="40" coveredconditionals="33" methods="10" coveredmethods="9"/>
        <line num="9" count="2" type="stmt"/>
        <line num="15" count="2" type="stmt"/>
        <line num="22" count="2" type="stmt"/>
        <line num="23" count="10" type="cond" truecount="1" falsecount="0"/>
        <line num="24" count="10" type="stmt"/>
        <line num="25" count="10" type="stmt"/>
        <line num="26" count="10" type="stmt"/>
        <line num="27" count="10" type="stmt"/>
        <line num="29" count="10" type="stmt"/>
        <line num="30" count="4" type="stmt"/>
        <line num="32" count="4" type="stmt"/>
        <line num="33" count="4" type="cond" truecount="1" falsecount="1"/>
        <line num="34" count="0" type="stmt"/>
        <line num="35" count="0" type="stmt"/>
        <line num="36" count="0" type="stmt"/>
        <line num="39" count="4" type="stmt"/>
        <line num="40" count="4" type="stmt"/>
        <line num="41" count="4" type="stmt"/>
        <line num="43" count="3" type="cond" truecount="1" falsecount="1"/>
        <line num="44" count="3" type="stmt"/>
        <line num="45" count="3" type="stmt"/>
        <line num="48" count="1" type="cond" truecount="1" falsecount="1"/>
        <line num="49" count="1" type="stmt"/>
        <line num="50" count="1" type="stmt"/>
        <line num="53" count="4" type="cond" truecount="1" falsecount="1"/>
        <line num="54" count="4" type="stmt"/>
        <line num="59" count="4" type="stmt"/>
        <line num="61" count="4" type="stmt"/>
        <line num="62" count="4" type="stmt"/>
        <line num="66" count="10" type="stmt"/>
        <line num="67" count="7" type="cond" truecount="5" falsecount="0"/>
        <line num="68" count="4" type="stmt"/>
        <line num="71" count="3" type="stmt"/>
        <line num="74" count="10" type="cond" truecount="2" falsecount="0"/>
        <line num="76" count="10" type="stmt"/>
        <line num="119" count="0" type="stmt"/>
        <line num="126" count="1" type="stmt"/>
        <line num="133" count="1" type="stmt"/>
        <line num="161" count="3" type="stmt"/>
        <line num="169" count="4" type="stmt"/>
        <line num="191" count="2" type="stmt"/>
      </file>
      <file name="ShopPage.tsx" path="C:\Full Stack\flower-shop\frontend\src\pages\ShopPage.tsx">
        <metrics statements="36" coveredstatements="34" conditionals="24" coveredconditionals="16" methods="6" coveredmethods="6"/>
        <line num="15" count="2" type="stmt"/>
        <line num="16" count="1" type="cond" truecount="3" falsecount="1"/>
        <line num="20" count="1" type="stmt"/>
        <line num="28" count="2" type="stmt"/>
        <line num="29" count="10" type="stmt"/>
        <line num="30" count="10" type="stmt"/>
        <line num="31" count="10" type="stmt"/>
        <line num="32" count="10" type="stmt"/>
        <line num="34" count="10" type="stmt"/>
        <line num="35" count="5" type="stmt"/>
        <line num="37" count="5" type="stmt"/>
        <line num="38" count="5" type="stmt"/>
        <line num="39" count="5" type="stmt"/>
        <line num="41" count="5" type="cond" truecount="2" falsecount="0"/>
        <line num="42" count="2" type="stmt"/>
        <line num="43" count="2" type="stmt"/>
        <line num="44" count="2" type="cond" truecount="1" falsecount="1"/>
        <line num="46" count="2" type="cond" truecount="1" falsecount="1"/>
        <line num="47" count="2" type="stmt"/>
        <line num="48" count="2" type="stmt"/>
        <line num="50" count="2" type="stmt"/>
        <line num="53" count="3" type="stmt"/>
        <line num="54" count="3" type="cond" truecount="1" falsecount="1"/>
        <line num="56" count="5" type="cond" truecount="2" falsecount="0"/>
        <line num="57" count="3" type="stmt"/>
        <line num="58" count="3" type="stmt"/>
        <line num="61" count="0" type="cond" truecount="0" falsecount="2"/>
        <line num="62" count="0" type="stmt"/>
        <line num="65" count="5" type="cond" truecount="1" falsecount="1"/>
        <line num="66" count="5" type="stmt"/>
        <line num="71" count="5" type="stmt"/>
        <line num="73" count="5" type="stmt"/>
        <line num="74" count="5" type="stmt"/>
        <line num="78" count="10" type="stmt"/>
        <line num="96" count="1" type="stmt"/>
        <line num="127" count="2" type="stmt"/>
      </file>
    </package>
    <package name="src.pages.admin">
      <metrics statements="2" coveredstatements="2" conditionals="0" coveredconditionals="0" methods="1" coveredmethods="1"/>
      <file name="AdminLoginPage.tsx" path="C:\Full Stack\flower-shop\frontend\src\pages\admin\AdminLoginPage.tsx">
        <metrics statements="2" coveredstatements="2" conditionals="0" coveredconditionals="0" methods="1" coveredmethods="1"/>
        <line num="1" count="1" type="stmt"/>
        <line num="2" count="1" type="stmt"/>
      </file>
    </package>
    <package name="src.utils">
      <metrics statements="35" coveredstatements="29" conditionals="8" coveredconditionals="7" methods="12" coveredmethods="6"/>
      <file name="cn.ts" path="C:\Full Stack\flower-shop\frontend\src\utils\cn.ts">
        <metrics statements="6" coveredstatements="6" conditionals="6" coveredconditionals="6" methods="3" coveredmethods="3"/>
        <line num="6" count="59" type="stmt"/>
        <line num="9" count="262" type="cond" truecount="2" falsecount="0"/>
        <line num="10" count="203" type="stmt"/>
        <line num="12" count="59" type="cond" truecount="4" falsecount="0"/>
        <line num="13" count="23" type="stmt"/>
        <line num="15" count="36" type="stmt"/>
      </file>
      <file name="constants.ts" path="C:\Full Stack\flower-shop\frontend\src\utils\constants.ts">
        <metrics statements="26" coveredstatements="20" conditionals="2" coveredconditionals="1" methods="8" coveredmethods="2"/>
        <line num="12" count="2" type="cond" truecount="1" falsecount="1"/>
        <line num="14" count="2" type="stmt"/>
        <line num="17" count="0" type="stmt"/>
        <line num="18" count="0" type="stmt"/>
        <line num="23" count="0" type="stmt"/>
        <line num="24" count="0" type="stmt"/>
        <line num="28" count="0" type="stmt"/>
        <line num="32" count="0" type="stmt"/>
        <line num="47" count="2" type="stmt"/>
        <line num="48" count="2" type="stmt"/>
        <line num="49" count="2" type="stmt"/>
        <line num="55" count="2" type="stmt"/>
        <line num="79" count="2" type="stmt"/>
        <line num="109" count="2" type="stmt"/>
        <line num="111" count="2" type="stmt"/>
        <line num="113" count="30" type="stmt"/>
        <line num="118" count="10" type="stmt"/>
        <line num="128" count="2" type="stmt"/>
        <line num="141" count="2" type="stmt"/>
        <line num="183" count="2" type="stmt"/>
        <line num="220" count="2" type="stmt"/>
        <line num="241" count="2" type="stmt"/>
        <line num="254" count="2" type="stmt"/>
        <line num="270" count="2" type="stmt"/>
        <line num="283" count="2" type="stmt"/>
        <line num="294" count="2" type="stmt"/>
      </file>
      <file name="formatPrice.ts" path="C:\Full Stack\flower-shop\frontend\src\utils\formatPrice.ts">
        <metrics statements="2" coveredstatements="2" conditionals="0" coveredconditionals="0" methods="1" coveredmethods="1"/>
        <line num="1" count="1" type="stmt"/>
        <line num="2" count="4" type="stmt"/>
      </file>
      <file name="socialflowersHomepage.ts" path="C:\Full Stack\flower-shop\frontend\src\utils\socialflowersHomepage.ts">
        <metrics statements="1" coveredstatements="1" conditionals="0" coveredconditionals="0" methods="0" coveredmethods="0"/>
        <line num="1" count="3" type="stmt"/>
      </file>
    </package>
  </project>
</coverage>
