{"C:\\Full Stack\\flower-shop\\frontend\\src\\App.tsx": {"path":"C:\\Full Stack\\flower-shop\\frontend\\src\\App.tsx","statementMap":{"0":{"start":{"line":10,"column":2},"end":{"line":25,"column":null}}},"fnMap":{"0":{"name":"App","decl":{"start":{"line":9,"column":9},"end":{"line":9,"column":15}},"loc":{"start":{"line":9,"column":15},"end":{"line":25,"column":null}},"line":9}},"branchMap":{},"s":{"0":7},"f":{"0":7},"b":{},"meta":{"lastBranch":0,"lastFunction":1,"lastStatement":1,"seen":{"f:9:9:9:15":0,"s:10:2:25:Infinity":0}}}
,"C:\\Full Stack\\flower-shop\\frontend\\src\\components\\home\\BenefitsSection.tsx": {"path":"C:\\Full Stack\\flower-shop\\frontend\\src\\components\\home\\BenefitsSection.tsx","statementMap":{"0":{"start":{"line":9,"column":21},"end":{"line":13,"column":null}},"1":{"start":{"line":15,"column":6},"end":{"line":119,"column":null}},"2":{"start":{"line":16,"column":24},"end":{"line":16,"column":47}},"3":{"start":{"line":18,"column":8},"end":{"line":75,"column":null}},"4":{"start":{"line":19,"column":25},"end":{"line":19,"column":null}},"5":{"start":{"line":21,"column":4},"end":{"line":35,"column":null}},"6":{"start":{"line":22,"column":6},"end":{"line":23,"column":null}},"7":{"start":{"line":23,"column":8},"end":{"line":23,"column":null}},"8":{"start":{"line":26,"column":6},"end":{"line":27,"column":null}},"9":{"start":{"line":27,"column":8},"end":{"line":27,"column":null}},"10":{"start":{"line":30,"column":6},"end":{"line":31,"column":null}},"11":{"start":{"line":31,"column":8},"end":{"line":31,"column":null}},"12":{"start":{"line":34,"column":6},"end":{"line":35,"column":null}},"13":{"start":{"line":35,"column":8},"end":{"line":35,"column":null}},"14":{"start":{"line":39,"column":4},"end":{"line":53,"column":null}},"15":{"start":{"line":40,"column":6},"end":{"line":41,"column":null}},"16":{"start":{"line":41,"column":8},"end":{"line":41,"column":null}},"17":{"start":{"line":44,"column":6},"end":{"line":45,"column":null}},"18":{"start":{"line":45,"column":8},"end":{"line":45,"column":null}},"19":{"start":{"line":48,"column":6},"end":{"line":49,"column":null}},"20":{"start":{"line":49,"column":8},"end":{"line":49,"column":null}},"21":{"start":{"line":52,"column":6},"end":{"line":53,"column":null}},"22":{"start":{"line":53,"column":8},"end":{"line":53,"column":null}},"23":{"start":{"line":57,"column":4},"end":{"line":71,"column":null}},"24":{"start":{"line":58,"column":6},"end":{"line":59,"column":null}},"25":{"start":{"line":59,"column":8},"end":{"line":59,"column":null}},"26":{"start":{"line":62,"column":6},"end":{"line":63,"column":null}},"27":{"start":{"line":63,"column":8},"end":{"line":63,"column":null}},"28":{"start":{"line":66,"column":6},"end":{"line":67,"column":null}},"29":{"start":{"line":67,"column":8},"end":{"line":67,"column":null}},"30":{"start":{"line":70,"column":6},"end":{"line":71,"column":null}},"31":{"start":{"line":71,"column":8},"end":{"line":71,"column":null}},"32":{"start":{"line":75,"column":4},"end":{"line":75,"column":null}},"33":{"start":{"line":78,"column":2},"end":{"line":119,"column":null}},"34":{"start":{"line":89,"column":12},"end":{"line":115,"column":null}},"35":{"start":{"line":107,"column":18},"end":{"line":112,"column":null}},"36":{"start":{"line":123,"column":0},"end":{"line":123,"column":null}}},"fnMap":{"0":{"name":"(anonymous_0)","decl":{"start":{"line":15,"column":6},"end":{"line":15,"column":40}},"loc":{"start":{"line":15,"column":40},"end":{"line":119,"column":null}},"line":15},"1":{"name":"(anonymous_1)","decl":{"start":{"line":18,"column":8},"end":{"line":18,"column":23}},"loc":{"start":{"line":18,"column":83},"end":{"line":75,"column":null}},"line":18},"2":{"name":"(anonymous_2)","decl":{"start":{"line":88,"column":25},"end":{"line":88,"column":30}},"loc":{"start":{"line":89,"column":12},"end":{"line":115,"column":null}},"line":89},"3":{"name":"(anonymous_3)","decl":{"start":{"line":106,"column":32},"end":{"line":106,"column":37}},"loc":{"start":{"line":107,"column":18},"end":{"line":112,"column":null}},"line":107}},"branchMap":{"0":{"loc":{"start":{"line":21,"column":4},"end":{"line":35,"column":null}},"type":"if","locations":[{"start":{"line":21,"column":4},"end":{"line":35,"column":null}},{"start":{},"end":{}}],"line":21},"1":{"loc":{"start":{"line":22,"column":6},"end":{"line":23,"column":null}},"type":"if","locations":[{"start":{"line":22,"column":6},"end":{"line":23,"column":null}},{"start":{},"end":{}}],"line":22},"2":{"loc":{"start":{"line":26,"column":6},"end":{"line":27,"column":null}},"type":"if","locations":[{"start":{"line":26,"column":6},"end":{"line":27,"column":null}},{"start":{},"end":{}}],"line":26},"3":{"loc":{"start":{"line":30,"column":6},"end":{"line":31,"column":null}},"type":"if","locations":[{"start":{"line":30,"column":6},"end":{"line":31,"column":null}},{"start":{},"end":{}}],"line":30},"4":{"loc":{"start":{"line":34,"column":6},"end":{"line":35,"column":null}},"type":"if","locations":[{"start":{"line":34,"column":6},"end":{"line":35,"column":null}},{"start":{},"end":{}}],"line":34},"5":{"loc":{"start":{"line":39,"column":4},"end":{"line":53,"column":null}},"type":"if","locations":[{"start":{"line":39,"column":4},"end":{"line":53,"column":null}},{"start":{},"end":{}}],"line":39},"6":{"loc":{"start":{"line":40,"column":6},"end":{"line":41,"column":null}},"type":"if","locations":[{"start":{"line":40,"column":6},"end":{"line":41,"column":null}},{"start":{},"end":{}}],"line":40},"7":{"loc":{"start":{"line":44,"column":6},"end":{"line":45,"column":null}},"type":"if","locations":[{"start":{"line":44,"column":6},"end":{"line":45,"column":null}},{"start":{},"end":{}}],"line":44},"8":{"loc":{"start":{"line":48,"column":6},"end":{"line":49,"column":null}},"type":"if","locations":[{"start":{"line":48,"column":6},"end":{"line":49,"column":null}},{"start":{},"end":{}}],"line":48},"9":{"loc":{"start":{"line":52,"column":6},"end":{"line":53,"column":null}},"type":"if","locations":[{"start":{"line":52,"column":6},"end":{"line":53,"column":null}},{"start":{},"end":{}}],"line":52},"10":{"loc":{"start":{"line":57,"column":4},"end":{"line":71,"column":null}},"type":"if","locations":[{"start":{"line":57,"column":4},"end":{"line":71,"column":null}},{"start":{},"end":{}}],"line":57},"11":{"loc":{"start":{"line":58,"column":6},"end":{"line":59,"column":null}},"type":"if","locations":[{"start":{"line":58,"column":6},"end":{"line":59,"column":null}},{"start":{},"end":{}}],"line":58},"12":{"loc":{"start":{"line":62,"column":6},"end":{"line":63,"column":null}},"type":"if","locations":[{"start":{"line":62,"column":6},"end":{"line":63,"column":null}},{"start":{},"end":{}}],"line":62},"13":{"loc":{"start":{"line":66,"column":6},"end":{"line":67,"column":null}},"type":"if","locations":[{"start":{"line":66,"column":6},"end":{"line":67,"column":null}},{"start":{},"end":{}}],"line":66},"14":{"loc":{"start":{"line":70,"column":6},"end":{"line":71,"column":null}},"type":"if","locations":[{"start":{"line":70,"column":6},"end":{"line":71,"column":null}},{"start":{},"end":{}}],"line":70}},"s":{"0":2,"1":2,"2":9,"3":9,"4":108,"5":108,"6":36,"7":9,"8":27,"9":9,"10":18,"11":9,"12":9,"13":9,"14":72,"15":36,"16":9,"17":27,"18":9,"19":18,"20":9,"21":9,"22":9,"23":36,"24":36,"25":9,"26":27,"27":9,"28":18,"29":9,"30":9,"31":9,"32":0,"33":9,"34":27,"35":108,"36":2},"f":{"0":9,"1":108,"2":27,"3":108},"b":{"0":[36,72],"1":[9,27],"2":[9,18],"3":[9,9],"4":[9,0],"5":[36,36],"6":[9,27],"7":[9,18],"8":[9,9],"9":[9,0],"10":[36,0],"11":[9,27],"12":[9,18],"13":[9,9],"14":[9,0]},"meta":{"lastBranch":15,"lastFunction":4,"lastStatement":37,"seen":{"s:9:21:13:Infinity":0,"s:15:6:119:Infinity":1,"f:15:6:15:40":0,"s:16:24:16:47":2,"s:18:8:75:Infinity":3,"f:18:8:18:23":1,"s:19:25:19:Infinity":4,"b:21:4:35:Infinity:undefined:undefined:undefined:undefined":0,"s:21:4:35:Infinity":5,"b:22:6:23:Infinity:undefined:undefined:undefined:undefined":1,"s:22:6:23:Infinity":6,"s:23:8:23:Infinity":7,"b:26:6:27:Infinity:undefined:undefined:undefined:undefined":2,"s:26:6:27:Infinity":8,"s:27:8:27:Infinity":9,"b:30:6:31:Infinity:undefined:undefined:undefined:undefined":3,"s:30:6:31:Infinity":10,"s:31:8:31:Infinity":11,"b:34:6:35:Infinity:undefined:undefined:undefined:undefined":4,"s:34:6:35:Infinity":12,"s:35:8:35:Infinity":13,"b:39:4:53:Infinity:undefined:undefined:undefined:undefined":5,"s:39:4:53:Infinity":14,"b:40:6:41:Infinity:undefined:undefined:undefined:undefined":6,"s:40:6:41:Infinity":15,"s:41:8:41:Infinity":16,"b:44:6:45:Infinity:undefined:undefined:undefined:undefined":7,"s:44:6:45:Infinity":17,"s:45:8:45:Infinity":18,"b:48:6:49:Infinity:undefined:undefined:undefined:undefined":8,"s:48:6:49:Infinity":19,"s:49:8:49:Infinity":20,"b:52:6:53:Infinity:undefined:undefined:undefined:undefined":9,"s:52:6:53:Infinity":21,"s:53:8:53:Infinity":22,"b:57:4:71:Infinity:undefined:undefined:undefined:undefined":10,"s:57:4:71:Infinity":23,"b:58:6:59:Infinity:undefined:undefined:undefined:undefined":11,"s:58:6:59:Infinity":24,"s:59:8:59:Infinity":25,"b:62:6:63:Infinity:undefined:undefined:undefined:undefined":12,"s:62:6:63:Infinity":26,"s:63:8:63:Infinity":27,"b:66:6:67:Infinity:undefined:undefined:undefined:undefined":13,"s:66:6:67:Infinity":28,"s:67:8:67:Infinity":29,"b:70:6:71:Infinity:undefined:undefined:undefined:undefined":14,"s:70:6:71:Infinity":30,"s:71:8:71:Infinity":31,"s:75:4:75:Infinity":32,"s:78:2:119:Infinity":33,"f:88:25:88:30":2,"s:89:12:115:Infinity":34,"f:106:32:106:37":3,"s:107:18:112:Infinity":35,"s:123:0:123:Infinity":36}}}
,"C:\\Full Stack\\flower-shop\\frontend\\src\\components\\home\\CustomBouquetSection.tsx": {"path":"C:\\Full Stack\\flower-shop\\frontend\\src\\components\\home\\CustomBouquetSection.tsx","statementMap":{"0":{"start":{"line":12,"column":6},"end":{"line":70,"column":null}},"1":{"start":{"line":13,"column":2},"end":{"line":70,"column":null}},"2":{"start":{"line":26,"column":12},"end":{"line":66,"column":null}},"3":{"start":{"line":74,"column":0},"end":{"line":74,"column":null}}},"fnMap":{"0":{"name":"(anonymous_0)","decl":{"start":{"line":12,"column":6},"end":{"line":12,"column":45}},"loc":{"start":{"line":12,"column":45},"end":{"line":70,"column":null}},"line":12},"1":{"name":"(anonymous_1)","decl":{"start":{"line":25,"column":32},"end":{"line":25,"column":37}},"loc":{"start":{"line":26,"column":12},"end":{"line":66,"column":null}},"line":26}},"branchMap":{},"s":{"0":2,"1":9,"2":18,"3":2},"f":{"0":9,"1":18},"b":{},"meta":{"lastBranch":0,"lastFunction":2,"lastStatement":4,"seen":{"s:12:6:70:Infinity":0,"f:12:6:12:45":0,"s:13:2:70:Infinity":1,"f:25:32:25:37":1,"s:26:12:66:Infinity":2,"s:74:0:74:Infinity":3}}}
,"C:\\Full Stack\\flower-shop\\frontend\\src\\components\\home\\FeaturedCarousel.tsx": {"path":"C:\\Full Stack\\flower-shop\\frontend\\src\\components\\home\\FeaturedCarousel.tsx","statementMap":{"0":{"start":{"line":19,"column":48},"end":{"line":24,"column":null}},"1":{"start":{"line":26,"column":43},"end":{"line":26,"column":83}},"2":{"start":{"line":28,"column":6},"end":{"line":38,"column":null}},"3":{"start":{"line":29,"column":16},"end":{"line":31,"column":null}},"4":{"start":{"line":33,"column":2},"end":{"line":38,"column":null}},"5":{"start":{"line":41,"column":6},"end":{"line":112,"column":null}},"6":{"start":{"line":42,"column":26},"end":{"line":42,"column":92}},"7":{"start":{"line":44,"column":2},"end":{"line":67,"column":null}},"8":{"start":{"line":45,"column":20},"end":{"line":45,"column":null}},"9":{"start":{"line":47,"column":28},"end":{"line":57,"column":null}},"10":{"start":{"line":48,"column":6},"end":{"line":57,"column":null}},"11":{"start":{"line":49,"column":25},"end":{"line":49,"column":63}},"12":{"start":{"line":50,"column":22},"end":{"line":50,"column":55}},"13":{"start":{"line":52,"column":8},"end":{"line":53,"column":null}},"14":{"start":{"line":53,"column":10},"end":{"line":53,"column":null}},"15":{"start":{"line":56,"column":8},"end":{"line":57,"column":null}},"16":{"start":{"line":57,"column":10},"end":{"line":57,"column":null}},"17":{"start":{"line":62,"column":4},"end":{"line":62,"column":null}},"18":{"start":{"line":64,"column":4},"end":{"line":65,"column":null}},"19":{"start":{"line":65,"column":6},"end":{"line":65,"column":null}},"20":{"start":{"line":69,"column":2},"end":{"line":112,"column":null}},"21":{"start":{"line":81,"column":14},"end":{"line":98,"column":null}},"22":{"start":{"line":116,"column":0},"end":{"line":116,"column":null}}},"fnMap":{"0":{"name":"(anonymous_0)","decl":{"start":{"line":28,"column":6},"end":{"line":28,"column":26}},"loc":{"start":{"line":28,"column":78},"end":{"line":38,"column":null}},"line":28},"1":{"name":"(anonymous_1)","decl":{"start":{"line":41,"column":6},"end":{"line":41,"column":41}},"loc":{"start":{"line":41,"column":41},"end":{"line":112,"column":null}},"line":41},"2":{"name":"(anonymous_2)","decl":{"start":{"line":44,"column":2},"end":{"line":44,"column":18}},"loc":{"start":{"line":44,"column":18},"end":{"line":67,"column":7}},"line":44},"3":{"name":"(anonymous_3)","decl":{"start":{"line":47,"column":28},"end":{"line":47,"column":40}},"loc":{"start":{"line":47,"column":40},"end":{"line":57,"column":null}},"line":47},"4":{"name":"(anonymous_4)","decl":{"start":{"line":64,"column":4},"end":{"line":64,"column":17}},"loc":{"start":{"line":64,"column":17},"end":{"line":65,"column":null}},"line":64},"5":{"name":"(anonymous_5)","decl":{"start":{"line":80,"column":29},"end":{"line":80,"column":34}},"loc":{"start":{"line":81,"column":14},"end":{"line":98,"column":null}},"line":81}},"branchMap":{"0":{"loc":{"start":{"line":29,"column":16},"end":{"line":31,"column":null}},"type":"cond-expr","locations":[{"start":{"line":30,"column":6},"end":{"line":30,"column":null}},{"start":{"line":31,"column":6},"end":{"line":31,"column":null}}],"line":29},"1":{"loc":{"start":{"line":29,"column":16},"end":{"line":29,"column":null}},"type":"binary-expr","locations":[{"start":{"line":29,"column":16},"end":{"line":29,"column":44}},{"start":{"line":29,"column":48},"end":{"line":29,"column":null}}],"line":29},"2":{"loc":{"start":{"line":31,"column":6},"end":{"line":31,"column":null}},"type":"binary-expr","locations":[{"start":{"line":31,"column":6},"end":{"line":31,"column":43}},{"start":{"line":31,"column":43},"end":{"line":31,"column":103}},{"start":{"line":31,"column":103},"end":{"line":31,"column":null}}],"line":31},"3":{"loc":{"start":{"line":50,"column":22},"end":{"line":50,"column":55}},"type":"binary-expr","locations":[{"start":{"line":50,"column":22},"end":{"line":50,"column":49}},{"start":{"line":50,"column":53},"end":{"line":50,"column":55}}],"line":50},"4":{"loc":{"start":{"line":52,"column":8},"end":{"line":53,"column":null}},"type":"if","locations":[{"start":{"line":52,"column":8},"end":{"line":53,"column":null}},{"start":{},"end":{}}],"line":52},"5":{"loc":{"start":{"line":52,"column":12},"end":{"line":52,"column":43}},"type":"binary-expr","locations":[{"start":{"line":52,"column":12},"end":{"line":52,"column":25}},{"start":{"line":52,"column":25},"end":{"line":52,"column":43}}],"line":52},"6":{"loc":{"start":{"line":56,"column":8},"end":{"line":57,"column":null}},"type":"if","locations":[{"start":{"line":56,"column":8},"end":{"line":57,"column":null}},{"start":{},"end":{}}],"line":56}},"s":{"0":2,"1":2,"2":2,"3":8,"4":8,"5":2,"6":17,"7":17,"8":9,"9":9,"10":9,"11":9,"12":9,"13":9,"14":8,"15":0,"16":0,"17":9,"18":9,"19":9,"20":17,"21":44,"22":2},"f":{"0":8,"1":17,"2":9,"3":9,"4":9,"5":44},"b":{"0":[8,0],"1":[8,8],"2":[0,0,0],"3":[9,0],"4":[8,1],"5":[9,9],"6":[0,0]},"meta":{"lastBranch":7,"lastFunction":6,"lastStatement":23,"seen":{"s:19:48:24:Infinity":0,"s:26:43:26:83":1,"s:28:6:38:Infinity":2,"f:28:6:28:26":0,"s:29:16:31:Infinity":3,"b:30:6:30:Infinity:31:6:31:Infinity":0,"b:29:16:29:44:29:48:29:Infinity":1,"b:31:6:31:43:31:43:31:103:31:103:31:Infinity":2,"s:33:2:38:Infinity":4,"s:41:6:112:Infinity":5,"f:41:6:41:41":1,"s:42:26:42:92":6,"s:44:2:67:Infinity":7,"f:44:2:44:18":2,"s:45:20:45:Infinity":8,"s:47:28:57:Infinity":9,"f:47:28:47:40":3,"s:48:6:57:Infinity":10,"s:49:25:49:63":11,"s:50:22:50:55":12,"b:50:22:50:49:50:53:50:55":3,"b:52:8:53:Infinity:undefined:undefined:undefined:undefined":4,"s:52:8:53:Infinity":13,"b:52:12:52:25:52:25:52:43":5,"s:53:10:53:Infinity":14,"b:56:8:57:Infinity:undefined:undefined:undefined:undefined":6,"s:56:8:57:Infinity":15,"s:57:10:57:Infinity":16,"s:62:4:62:Infinity":17,"s:64:4:65:Infinity":18,"f:64:4:64:17":4,"s:65:6:65:Infinity":19,"s:69:2:112:Infinity":20,"f:80:29:80:34":5,"s:81:14:98:Infinity":21,"s:116:0:116:Infinity":22}}}
,"C:\\Full Stack\\flower-shop\\frontend\\src\\components\\home\\FlowerMeSection.tsx": {"path":"C:\\Full Stack\\flower-shop\\frontend\\src\\components\\home\\FlowerMeSection.tsx","statementMap":{"0":{"start":{"line":10,"column":6},"end":{"line":44,"column":null}},"1":{"start":{"line":11,"column":2},"end":{"line":44,"column":null}},"2":{"start":{"line":48,"column":0},"end":{"line":48,"column":null}}},"fnMap":{"0":{"name":"(anonymous_0)","decl":{"start":{"line":10,"column":6},"end":{"line":10,"column":40}},"loc":{"start":{"line":10,"column":40},"end":{"line":44,"column":null}},"line":10}},"branchMap":{},"s":{"0":2,"1":9,"2":2},"f":{"0":9},"b":{},"meta":{"lastBranch":0,"lastFunction":1,"lastStatement":3,"seen":{"s:10:6:44:Infinity":0,"f:10:6:10:40":0,"s:11:2:44:Infinity":1,"s:48:0:48:Infinity":2}}}
,"C:\\Full Stack\\flower-shop\\frontend\\src\\components\\home\\HeroSection.tsx": {"path":"C:\\Full Stack\\flower-shop\\frontend\\src\\components\\home\\HeroSection.tsx","statementMap":{"0":{"start":{"line":12,"column":6},"end":{"line":67,"column":null}},"1":{"start":{"line":13,"column":20},"end":{"line":13,"column":null}},"2":{"start":{"line":14,"column":26},"end":{"line":14,"column":null}},"3":{"start":{"line":15,"column":25},"end":{"line":15,"column":null}},"4":{"start":{"line":16,"column":27},"end":{"line":16,"column":null}},"5":{"start":{"line":17,"column":20},"end":{"line":17,"column":null}},"6":{"start":{"line":19,"column":2},"end":{"line":67,"column":null}},"7":{"start":{"line":71,"column":0},"end":{"line":71,"column":null}}},"fnMap":{"0":{"name":"(anonymous_0)","decl":{"start":{"line":12,"column":6},"end":{"line":12,"column":36}},"loc":{"start":{"line":12,"column":36},"end":{"line":67,"column":null}},"line":12}},"branchMap":{},"s":{"0":2,"1":9,"2":9,"3":9,"4":9,"5":9,"6":9,"7":2},"f":{"0":9},"b":{},"meta":{"lastBranch":0,"lastFunction":1,"lastStatement":8,"seen":{"s:12:6:67:Infinity":0,"f:12:6:12:36":0,"s:13:20:13:Infinity":1,"s:14:26:14:Infinity":2,"s:15:25:15:Infinity":3,"s:16:27:16:Infinity":4,"s:17:20:17:Infinity":5,"s:19:2:67:Infinity":6,"s:71:0:71:Infinity":7}}}
,"C:\\Full Stack\\flower-shop\\frontend\\src\\components\\home\\HowItWorks.tsx": {"path":"C:\\Full Stack\\flower-shop\\frontend\\src\\components\\home\\HowItWorks.tsx","statementMap":{"0":{"start":{"line":8,"column":6},"end":{"line":41,"column":null}},"1":{"start":{"line":9,"column":2},"end":{"line":41,"column":null}},"2":{"start":{"line":45,"column":0},"end":{"line":45,"column":null}}},"fnMap":{"0":{"name":"(anonymous_0)","decl":{"start":{"line":8,"column":6},"end":{"line":8,"column":35}},"loc":{"start":{"line":8,"column":35},"end":{"line":41,"column":null}},"line":8}},"branchMap":{},"s":{"0":2,"1":9,"2":2},"f":{"0":9},"b":{},"meta":{"lastBranch":0,"lastFunction":1,"lastStatement":3,"seen":{"s:8:6:41:Infinity":0,"f:8:6:8:35":0,"s:9:2:41:Infinity":1,"s:45:0:45:Infinity":2}}}
,"C:\\Full Stack\\flower-shop\\frontend\\src\\components\\layout\\Footer.tsx": {"path":"C:\\Full Stack\\flower-shop\\frontend\\src\\components\\layout\\Footer.tsx","statementMap":{"0":{"start":{"line":12,"column":22},"end":{"line":18,"column":null}},"1":{"start":{"line":20,"column":6},"end":{"line":119,"column":null}},"2":{"start":{"line":21,"column":22},"end":{"line":21,"column":46}},"3":{"start":{"line":22,"column":10},"end":{"line":22,"column":41}},"4":{"start":{"line":24,"column":2},"end":{"line":119,"column":null}},"5":{"start":{"line":35,"column":29},"end":{"line":35,"column":null}},"6":{"start":{"line":37,"column":16},"end":{"line":38,"column":null}},"7":{"start":{"line":38,"column":18},"end":{"line":38,"column":null}},"8":{"start":{"line":41,"column":16},"end":{"line":51,"column":null}},"9":{"start":{"line":61,"column":16},"end":{"line":65,"column":null}},"10":{"start":{"line":74,"column":16},"end":{"line":89,"column":null}},"11":{"start":{"line":98,"column":16},"end":{"line":102,"column":null}},"12":{"start":{"line":125,"column":0},"end":{"line":125,"column":null}}},"fnMap":{"0":{"name":"(anonymous_0)","decl":{"start":{"line":20,"column":6},"end":{"line":20,"column":31}},"loc":{"start":{"line":20,"column":31},"end":{"line":119,"column":null}},"line":20},"1":{"name":"(anonymous_1)","decl":{"start":{"line":34,"column":27},"end":{"line":34,"column":32}},"loc":{"start":{"line":34,"column":43},"end":{"line":51,"column":null}},"line":34},"2":{"name":"(anonymous_2)","decl":{"start":{"line":60,"column":31},"end":{"line":60,"column":36}},"loc":{"start":{"line":61,"column":16},"end":{"line":65,"column":null}},"line":61},"3":{"name":"(anonymous_3)","decl":{"start":{"line":73,"column":29},"end":{"line":73,"column":34}},"loc":{"start":{"line":74,"column":16},"end":{"line":89,"column":null}},"line":74},"4":{"name":"(anonymous_4)","decl":{"start":{"line":97,"column":26},"end":{"line":97,"column":31}},"loc":{"start":{"line":98,"column":16},"end":{"line":102,"column":null}},"line":98}},"branchMap":{"0":{"loc":{"start":{"line":37,"column":16},"end":{"line":38,"column":null}},"type":"if","locations":[{"start":{"line":37,"column":16},"end":{"line":38,"column":null}},{"start":{},"end":{}}],"line":37},"1":{"loc":{"start":{"line":75,"column":19},"end":{"line":89,"column":null}},"type":"cond-expr","locations":[{"start":{"line":76,"column":20},"end":{"line":85,"column":21}},{"start":{"line":85,"column":20},"end":{"line":89,"column":null}}],"line":75}},"s":{"0":2,"1":2,"2":17,"3":17,"4":17,"5":85,"6":85,"7":0,"8":85,"9":204,"10":170,"11":255,"12":2},"f":{"0":17,"1":85,"2":204,"3":170,"4":255},"b":{"0":[0,85],"1":[17,153]},"meta":{"lastBranch":2,"lastFunction":5,"lastStatement":13,"seen":{"s:12:22:18:Infinity":0,"s:20:6:119:Infinity":1,"f:20:6:20:31":0,"s:21:22:21:46":2,"s:22:10:22:41":3,"s:24:2:119:Infinity":4,"f:34:27:34:32":1,"s:35:29:35:Infinity":5,"b:37:16:38:Infinity:undefined:undefined:undefined:undefined":0,"s:37:16:38:Infinity":6,"s:38:18:38:Infinity":7,"s:41:16:51:Infinity":8,"f:60:31:60:36":2,"s:61:16:65:Infinity":9,"f:73:29:73:34":3,"s:74:16:89:Infinity":10,"b:76:20:85:21:85:20:89:Infinity":1,"f:97:26:97:31":4,"s:98:16:102:Infinity":11,"s:125:0:125:Infinity":12}}}
,"C:\\Full Stack\\flower-shop\\frontend\\src\\components\\layout\\Layout.tsx": {"path":"C:\\Full Stack\\flower-shop\\frontend\\src\\components\\layout\\Layout.tsx","statementMap":{"0":{"start":{"line":16,"column":6},"end":{"line":32,"column":null}},"1":{"start":{"line":21,"column":2},"end":{"line":32,"column":null}},"2":{"start":{"line":37,"column":0},"end":{"line":37,"column":null}}},"fnMap":{"0":{"name":"(anonymous_0)","decl":{"start":{"line":16,"column":6},"end":{"line":16,"column":39}},"loc":{"start":{"line":20,"column":6},"end":{"line":32,"column":null}},"line":20}},"branchMap":{"0":{"loc":{"start":{"line":19,"column":2},"end":{"line":19,"column":null}},"type":"default-arg","locations":[{"start":{"line":19,"column":15},"end":{"line":19,"column":null}}],"line":19},"1":{"loc":{"start":{"line":32,"column":7},"end":{"line":32,"column":null}},"type":"binary-expr","locations":[{"start":{"line":32,"column":7},"end":{"line":32,"column":21}},{"start":{"line":32,"column":21},"end":{"line":32,"column":null}}],"line":32}},"s":{"0":2,"1":17,"2":2},"f":{"0":17},"b":{"0":[17],"1":[17,17]},"meta":{"lastBranch":2,"lastFunction":1,"lastStatement":3,"seen":{"s:16:6:32:Infinity":0,"f:16:6:16:39":0,"b:19:15:19:Infinity":0,"s:21:2:32:Infinity":1,"b:32:7:32:21:32:21:32:Infinity":1,"s:37:0:37:Infinity":2}}}
,"C:\\Full Stack\\flower-shop\\frontend\\src\\components\\layout\\Navigation.tsx": {"path":"C:\\Full Stack\\flower-shop\\frontend\\src\\components\\layout\\Navigation.tsx","statementMap":{"0":{"start":{"line":19,"column":6},"end":{"line":179,"column":null}},"1":{"start":{"line":20,"column":25},"end":{"line":20,"column":61}},"2":{"start":{"line":21,"column":23},"end":{"line":21,"column":57}},"3":{"start":{"line":22,"column":10},"end":{"line":22,"column":40}},"4":{"start":{"line":24,"column":19},"end":{"line":24,"column":null}},"5":{"start":{"line":25,"column":25},"end":{"line":28,"column":5}},"6":{"start":{"line":25,"column":68},"end":{"line":28,"column":5}},"7":{"start":{"line":30,"column":2},"end":{"line":179,"column":null}},"8":{"start":{"line":47,"column":14},"end":{"line":84,"column":null}},"9":{"start":{"line":48,"column":16},"end":{"line":84,"column":null}},"10":{"start":{"line":52,"column":40},"end":{"line":52,"column":61}},"11":{"start":{"line":53,"column":40},"end":{"line":53,"column":62}},"12":{"start":{"line":58,"column":37},"end":{"line":58,"column":58}},"13":{"start":{"line":73,"column":28},"end":{"line":79,"column":null}},"14":{"start":{"line":88,"column":14},"end":{"line":95,"column":null}},"15":{"start":{"line":120,"column":29},"end":{"line":120,"column":63}},"16":{"start":{"line":158,"column":16},"end":{"line":164,"column":null}},"17":{"start":{"line":170,"column":16},"end":{"line":172,"column":null}},"18":{"start":{"line":185,"column":0},"end":{"line":185,"column":null}}},"fnMap":{"0":{"name":"(anonymous_0)","decl":{"start":{"line":19,"column":6},"end":{"line":19,"column":52}},"loc":{"start":{"line":19,"column":52},"end":{"line":179,"column":null}},"line":19},"1":{"name":"(anonymous_1)","decl":{"start":{"line":25,"column":49},"end":{"line":25,"column":54}},"loc":{"start":{"line":25,"column":68},"end":{"line":28,"column":5}},"line":25},"2":{"name":"(anonymous_2)","decl":{"start":{"line":46,"column":22},"end":{"line":46,"column":27}},"loc":{"start":{"line":46,"column":36},"end":{"line":95,"column":null}},"line":46},"3":{"name":"(anonymous_3)","decl":{"start":{"line":52,"column":20},"end":{"line":52,"column":40}},"loc":{"start":{"line":52,"column":40},"end":{"line":52,"column":61}},"line":52},"4":{"name":"(anonymous_4)","decl":{"start":{"line":53,"column":20},"end":{"line":53,"column":40}},"loc":{"start":{"line":53,"column":40},"end":{"line":53,"column":62}},"line":53},"5":{"name":"(anonymous_5)","decl":{"start":{"line":58,"column":22},"end":{"line":58,"column":37}},"loc":{"start":{"line":58,"column":37},"end":{"line":58,"column":58}},"line":58},"6":{"name":"(anonymous_6)","decl":{"start":{"line":72,"column":42},"end":{"line":72,"column":47}},"loc":{"start":{"line":73,"column":28},"end":{"line":79,"column":null}},"line":73},"7":{"name":"(anonymous_7)","decl":{"start":{"line":120,"column":14},"end":{"line":120,"column":29}},"loc":{"start":{"line":120,"column":29},"end":{"line":120,"column":63}},"line":120},"8":{"name":"(anonymous_8)","decl":{"start":{"line":157,"column":24},"end":{"line":157,"column":29}},"loc":{"start":{"line":158,"column":16},"end":{"line":164,"column":null}},"line":158},"9":{"name":"(anonymous_9)","decl":{"start":{"line":169,"column":30},"end":{"line":169,"column":35}},"loc":{"start":{"line":170,"column":16},"end":{"line":172,"column":null}},"line":170}},"branchMap":{"0":{"loc":{"start":{"line":47,"column":14},"end":{"line":84,"column":null}},"type":"if","locations":[{"start":{"line":47,"column":14},"end":{"line":84,"column":null}},{"start":{},"end":{}}],"line":47},"1":{"loc":{"start":{"line":63,"column":21},"end":{"line":82,"column":null}},"type":"binary-expr","locations":[{"start":{"line":63,"column":21},"end":{"line":63,"column":null}},{"start":{"line":64,"column":22},"end":{"line":82,"column":null}}],"line":63},"2":{"loc":{"start":{"line":131,"column":17},"end":{"line":144,"column":null}},"type":"cond-expr","locations":[{"start":{"line":132,"column":18},"end":{"line":139,"column":19}},{"start":{"line":139,"column":18},"end":{"line":144,"column":null}}],"line":131},"3":{"loc":{"start":{"line":153,"column":7},"end":{"line":179,"column":null}},"type":"binary-expr","locations":[{"start":{"line":153,"column":7},"end":{"line":153,"column":null}},{"start":{"line":154,"column":8},"end":{"line":179,"column":null}}],"line":153},"4":{"loc":{"start":{"line":160,"column":22},"end":{"line":160,"column":null}},"type":"cond-expr","locations":[{"start":{"line":160,"column":46},"end":{"line":160,"column":56}},{"start":{"line":160,"column":56},"end":{"line":160,"column":null}}],"line":160}},"s":{"0":3,"1":23,"2":23,"3":23,"4":23,"5":23,"6":8,"7":23,"8":115,"9":23,"10":1,"11":0,"12":0,"13":2,"14":92,"15":1,"16":5,"17":2,"18":3},"f":{"0":23,"1":8,"2":115,"3":1,"4":0,"5":0,"6":2,"7":1,"8":5,"9":2},"b":{"0":[23,92],"1":[23,1],"2":[1,22],"3":[23,1],"4":[1,4]},"meta":{"lastBranch":5,"lastFunction":10,"lastStatement":19,"seen":{"s:19:6:179:Infinity":0,"f:19:6:19:52":0,"s:20:25:20:61":1,"s:21:23:21:57":2,"s:22:10:22:40":3,"s:24:19:24:Infinity":4,"s:25:25:28:5":5,"f:25:49:25:54":1,"s:25:68:28:5":6,"s:30:2:179:Infinity":7,"f:46:22:46:27":2,"b:47:14:84:Infinity:undefined:undefined:undefined:undefined":0,"s:47:14:84:Infinity":8,"s:48:16:84:Infinity":9,"f:52:20:52:40":3,"s:52:40:52:61":10,"f:53:20:53:40":4,"s:53:40:53:62":11,"f:58:22:58:37":5,"s:58:37:58:58":12,"b:63:21:63:Infinity:64:22:82:Infinity":1,"f:72:42:72:47":6,"s:73:28:79:Infinity":13,"s:88:14:95:Infinity":14,"f:120:14:120:29":7,"s:120:29:120:63":15,"b:132:18:139:19:139:18:144:Infinity":2,"b:153:7:153:Infinity:154:8:179:Infinity":3,"f:157:24:157:29":8,"s:158:16:164:Infinity":16,"b:160:46:160:56:160:56:160:Infinity":4,"f:169:30:169:35":9,"s:170:16:172:Infinity":17,"s:185:0:185:Infinity":18}}}
,"C:\\Full Stack\\flower-shop\\frontend\\src\\components\\ui\\Button.tsx": {"path":"C:\\Full Stack\\flower-shop\\frontend\\src\\components\\ui\\Button.tsx","statementMap":{"0":{"start":{"line":10,"column":6},"end":{"line":91,"column":null}},"1":{"start":{"line":24,"column":21},"end":{"line":24,"column":null}},"2":{"start":{"line":27,"column":24},"end":{"line":32,"column":null}},"3":{"start":{"line":35,"column":21},"end":{"line":40,"column":null}},"4":{"start":{"line":43,"column":24},"end":{"line":43,"column":null}},"5":{"start":{"line":45,"column":8},"end":{"line":51,"column":null}},"6":{"start":{"line":54,"column":2},"end":{"line":91,"column":null}},"7":{"start":{"line":95,"column":0},"end":{"line":95,"column":null}}},"fnMap":{"0":{"name":"(anonymous_0)","decl":{"start":{"line":10,"column":6},"end":{"line":10,"column":39}},"loc":{"start":{"line":22,"column":6},"end":{"line":91,"column":null}},"line":22}},"branchMap":{"0":{"loc":{"start":{"line":13,"column":2},"end":{"line":13,"column":null}},"type":"default-arg","locations":[{"start":{"line":13,"column":12},"end":{"line":13,"column":null}}],"line":13},"1":{"loc":{"start":{"line":14,"column":2},"end":{"line":14,"column":null}},"type":"default-arg","locations":[{"start":{"line":14,"column":9},"end":{"line":14,"column":null}}],"line":14},"2":{"loc":{"start":{"line":15,"column":2},"end":{"line":15,"column":null}},"type":"default-arg","locations":[{"start":{"line":15,"column":13},"end":{"line":15,"column":null}}],"line":15},"3":{"loc":{"start":{"line":16,"column":2},"end":{"line":16,"column":null}},"type":"default-arg","locations":[{"start":{"line":16,"column":12},"end":{"line":16,"column":null}}],"line":16},"4":{"loc":{"start":{"line":20,"column":2},"end":{"line":20,"column":null}},"type":"default-arg","locations":[{"start":{"line":20,"column":9},"end":{"line":20,"column":null}}],"line":20},"5":{"loc":{"start":{"line":21,"column":2},"end":{"line":21,"column":null}},"type":"default-arg","locations":[{"start":{"line":21,"column":14},"end":{"line":21,"column":null}}],"line":21},"6":{"loc":{"start":{"line":43,"column":24},"end":{"line":43,"column":null}},"type":"cond-expr","locations":[{"start":{"line":43,"column":46},"end":{"line":43,"column":61}},{"start":{"line":43,"column":61},"end":{"line":43,"column":null}}],"line":43},"7":{"loc":{"start":{"line":43,"column":24},"end":{"line":43,"column":46}},"type":"binary-expr","locations":[{"start":{"line":43,"column":24},"end":{"line":43,"column":36}},{"start":{"line":43,"column":36},"end":{"line":43,"column":46}}],"line":43},"8":{"loc":{"start":{"line":49,"column":4},"end":{"line":49,"column":null}},"type":"binary-expr","locations":[{"start":{"line":49,"column":4},"end":{"line":49,"column":17}},{"start":{"line":49,"column":17},"end":{"line":49,"column":null}}],"line":49},"9":{"loc":{"start":{"line":58,"column":16},"end":{"line":58,"column":null}},"type":"binary-expr","locations":[{"start":{"line":58,"column":16},"end":{"line":58,"column":28}},{"start":{"line":58,"column":28},"end":{"line":58,"column":null}}],"line":58},"10":{"loc":{"start":{"line":61,"column":7},"end":{"line":89,"column":null}},"type":"cond-expr","locations":[{"start":{"line":62,"column":8},"end":{"line":84,"column":null}},{"start":{"line":86,"column":8},"end":{"line":89,"column":null}}],"line":61},"11":{"loc":{"start":{"line":83,"column":11},"end":{"line":84,"column":null}},"type":"binary-expr","locations":[{"start":{"line":83,"column":11},"end":{"line":83,"column":20}},{"start":{"line":83,"column":20},"end":{"line":84,"column":null}}],"line":83},"12":{"loc":{"start":{"line":87,"column":11},"end":{"line":88,"column":20}},"type":"binary-expr","locations":[{"start":{"line":87,"column":11},"end":{"line":87,"column":19}},{"start":{"line":87,"column":19},"end":{"line":88,"column":20}}],"line":87},"13":{"loc":{"start":{"line":88,"column":11},"end":{"line":88,"column":null}},"type":"binary-expr","locations":[{"start":{"line":88,"column":11},"end":{"line":88,"column":20}},{"start":{"line":88,"column":20},"end":{"line":88,"column":null}}],"line":88}},"s":{"0":2,"1":36,"2":36,"3":36,"4":36,"5":36,"6":36,"7":2},"f":{"0":36},"b":{"0":[36],"1":[36],"2":[36],"3":[36],"4":[36],"5":[36],"6":[0,36],"7":[36,36],"8":[36,0],"9":[36,36],"10":[0,36],"11":[0,0],"12":[36,0],"13":[36,0]},"meta":{"lastBranch":14,"lastFunction":1,"lastStatement":8,"seen":{"s:10:6:91:Infinity":0,"f:10:6:10:39":0,"b:13:12:13:Infinity":0,"b:14:9:14:Infinity":1,"b:15:13:15:Infinity":2,"b:16:12:16:Infinity":3,"b:20:9:20:Infinity":4,"b:21:14:21:Infinity":5,"s:24:21:24:Infinity":1,"s:27:24:32:Infinity":2,"s:35:21:40:Infinity":3,"s:43:24:43:Infinity":4,"b:43:46:43:61:43:61:43:Infinity":6,"b:43:24:43:36:43:36:43:46":7,"s:45:8:51:Infinity":5,"b:49:4:49:17:49:17:49:Infinity":8,"s:54:2:91:Infinity":6,"b:58:16:58:28:58:28:58:Infinity":9,"b:62:8:84:Infinity:86:8:89:Infinity":10,"b:83:11:83:20:83:20:84:Infinity":11,"b:87:11:87:19:87:19:88:20":12,"b:88:11:88:20:88:20:88:Infinity":13,"s:95:0:95:Infinity":7}}}
,"C:\\Full Stack\\flower-shop\\frontend\\src\\hooks\\useCategories.ts": {"path":"C:\\Full Stack\\flower-shop\\frontend\\src\\hooks\\useCategories.ts","statementMap":{"0":{"start":{"line":5,"column":35},"end":{"line":5,"column":37}},"1":{"start":{"line":6,"column":52},"end":{"line":6,"column":null}},"2":{"start":{"line":8,"column":23},"end":{"line":16,"column":null}},"3":{"start":{"line":9,"column":2},"end":{"line":12,"column":null}},"4":{"start":{"line":10,"column":4},"end":{"line":12,"column":null}},"5":{"start":{"line":11,"column":6},"end":{"line":11,"column":null}},"6":{"start":{"line":15,"column":2},"end":{"line":15,"column":null}},"7":{"start":{"line":16,"column":2},"end":{"line":16,"column":null}},"8":{"start":{"line":19,"column":13},"end":{"line":42,"column":null}},"9":{"start":{"line":20,"column":21},"end":{"line":20,"column":76}},"10":{"start":{"line":22,"column":2},"end":{"line":40,"column":null}},"11":{"start":{"line":23,"column":20},"end":{"line":23,"column":null}},"12":{"start":{"line":25,"column":4},"end":{"line":35,"column":null}},"13":{"start":{"line":27,"column":8},"end":{"line":28,"column":null}},"14":{"start":{"line":28,"column":10},"end":{"line":28,"column":null}},"15":{"start":{"line":32,"column":8},"end":{"line":33,"column":null}},"16":{"start":{"line":33,"column":10},"end":{"line":33,"column":null}},"17":{"start":{"line":37,"column":4},"end":{"line":38,"column":null}},"18":{"start":{"line":38,"column":6},"end":{"line":38,"column":null}},"19":{"start":{"line":42,"column":2},"end":{"line":42,"column":null}}},"fnMap":{"0":{"name":"(anonymous_0)","decl":{"start":{"line":8,"column":23},"end":{"line":8,"column":56}},"loc":{"start":{"line":8,"column":56},"end":{"line":16,"column":null}},"line":8},"1":{"name":"(anonymous_1)","decl":{"start":{"line":10,"column":54},"end":{"line":10,"column":68}},"loc":{"start":{"line":10,"column":68},"end":{"line":12,"column":null}},"line":10},"2":{"name":"(anonymous_2)","decl":{"start":{"line":19,"column":13},"end":{"line":19,"column":35}},"loc":{"start":{"line":19,"column":35},"end":{"line":42,"column":null}},"line":19},"3":{"name":"(anonymous_3)","decl":{"start":{"line":22,"column":2},"end":{"line":22,"column":18}},"loc":{"start":{"line":22,"column":18},"end":{"line":40,"column":7}},"line":22},"4":{"name":"(anonymous_4)","decl":{"start":{"line":26,"column":7},"end":{"line":26,"column":13}},"loc":{"start":{"line":26,"column":32},"end":{"line":30,"column":null}},"line":26},"5":{"name":"(anonymous_5)","decl":{"start":{"line":31,"column":7},"end":{"line":31,"column":19}},"loc":{"start":{"line":31,"column":19},"end":{"line":35,"column":null}},"line":31},"6":{"name":"(anonymous_6)","decl":{"start":{"line":37,"column":4},"end":{"line":37,"column":17}},"loc":{"start":{"line":37,"column":17},"end":{"line":38,"column":null}},"line":37}},"branchMap":{"0":{"loc":{"start":{"line":9,"column":2},"end":{"line":12,"column":null}},"type":"if","locations":[{"start":{"line":9,"column":2},"end":{"line":12,"column":null}},{"start":{},"end":{}}],"line":9},"1":{"loc":{"start":{"line":27,"column":8},"end":{"line":28,"column":null}},"type":"if","locations":[{"start":{"line":27,"column":8},"end":{"line":28,"column":null}},{"start":{},"end":{}}],"line":27},"2":{"loc":{"start":{"line":32,"column":8},"end":{"line":33,"column":null}},"type":"if","locations":[{"start":{"line":32,"column":8},"end":{"line":33,"column":null}},{"start":{},"end":{}}],"line":32}},"s":{"0":2,"1":2,"2":2,"3":13,"4":13,"5":13,"6":13,"7":13,"8":2,"9":19,"10":19,"11":13,"12":13,"13":13,"14":13,"15":0,"16":0,"17":13,"18":13,"19":19},"f":{"0":13,"1":13,"2":19,"3":13,"4":13,"5":0,"6":13},"b":{"0":[13,0],"1":[13,0],"2":[0,0]},"meta":{"lastBranch":3,"lastFunction":7,"lastStatement":20,"seen":{"s:5:35:5:37":0,"s:6:52:6:Infinity":1,"s:8:23:16:Infinity":2,"f:8:23:8:56":0,"b:9:2:12:Infinity:undefined:undefined:undefined:undefined":0,"s:9:2:12:Infinity":3,"s:10:4:12:Infinity":4,"f:10:54:10:68":1,"s:11:6:11:Infinity":5,"s:15:2:15:Infinity":6,"s:16:2:16:Infinity":7,"s:19:13:42:Infinity":8,"f:19:13:19:35":2,"s:20:21:20:76":9,"s:22:2:40:Infinity":10,"f:22:2:22:18":3,"s:23:20:23:Infinity":11,"s:25:4:35:Infinity":12,"f:26:7:26:13":4,"b:27:8:28:Infinity:undefined:undefined:undefined:undefined":1,"s:27:8:28:Infinity":13,"s:28:10:28:Infinity":14,"f:31:7:31:19":5,"b:32:8:33:Infinity:undefined:undefined:undefined:undefined":2,"s:32:8:33:Infinity":15,"s:33:10:33:Infinity":16,"s:37:4:38:Infinity":17,"f:37:4:37:17":6,"s:38:6:38:Infinity":18,"s:42:2:42:Infinity":19}}}
,"C:\\Full Stack\\flower-shop\\frontend\\src\\hooks\\useSiteConfig.ts": {"path":"C:\\Full Stack\\flower-shop\\frontend\\src\\hooks\\useSiteConfig.ts","statementMap":{"0":{"start":{"line":11,"column":27},"end":{"line":11,"column":null}},"1":{"start":{"line":12,"column":42},"end":{"line":12,"column":null}},"2":{"start":{"line":13,"column":57},"end":{"line":13,"column":null}},"3":{"start":{"line":15,"column":6},"end":{"line":31,"column":null}},"4":{"start":{"line":16,"column":22},"end":{"line":16,"column":51}},"5":{"start":{"line":18,"column":2},"end":{"line":20,"column":null}},"6":{"start":{"line":19,"column":4},"end":{"line":19,"column":null}},"7":{"start":{"line":22,"column":20},"end":{"line":22,"column":null}},"8":{"start":{"line":23,"column":2},"end":{"line":28,"column":null}},"9":{"start":{"line":24,"column":4},"end":{"line":28,"column":null}},"10":{"start":{"line":25,"column":6},"end":{"line":26,"column":null}},"11":{"start":{"line":26,"column":8},"end":{"line":26,"column":null}},"12":{"start":{"line":31,"column":2},"end":{"line":31,"column":null}},"13":{"start":{"line":34,"column":23},"end":{"line":42,"column":null}},"14":{"start":{"line":35,"column":2},"end":{"line":38,"column":null}},"15":{"start":{"line":36,"column":4},"end":{"line":38,"column":null}},"16":{"start":{"line":37,"column":6},"end":{"line":37,"column":null}},"17":{"start":{"line":41,"column":2},"end":{"line":41,"column":null}},"18":{"start":{"line":42,"column":2},"end":{"line":42,"column":null}},"19":{"start":{"line":45,"column":13},"end":{"line":73,"column":null}},"20":{"start":{"line":46,"column":21},"end":{"line":46,"column":83}},"21":{"start":{"line":48,"column":2},"end":{"line":68,"column":null}},"22":{"start":{"line":49,"column":20},"end":{"line":49,"column":null}},"23":{"start":{"line":51,"column":28},"end":{"line":55,"column":null}},"24":{"start":{"line":52,"column":25},"end":{"line":52,"column":47}},"25":{"start":{"line":54,"column":6},"end":{"line":55,"column":null}},"26":{"start":{"line":55,"column":8},"end":{"line":55,"column":null}},"27":{"start":{"line":59,"column":4},"end":{"line":63,"column":null}},"28":{"start":{"line":60,"column":6},"end":{"line":61,"column":null}},"29":{"start":{"line":61,"column":8},"end":{"line":61,"column":null}},"30":{"start":{"line":65,"column":4},"end":{"line":66,"column":null}},"31":{"start":{"line":66,"column":6},"end":{"line":66,"column":null}},"32":{"start":{"line":70,"column":2},"end":{"line":73,"column":null}}},"fnMap":{"0":{"name":"(anonymous_0)","decl":{"start":{"line":15,"column":6},"end":{"line":15,"column":30}},"loc":{"start":{"line":15,"column":78},"end":{"line":31,"column":null}},"line":15},"1":{"name":"(anonymous_1)","decl":{"start":{"line":18,"column":21},"end":{"line":18,"column":30}},"loc":{"start":{"line":18,"column":39},"end":{"line":20,"column":null}},"line":18},"2":{"name":"(anonymous_2)","decl":{"start":{"line":24,"column":30},"end":{"line":24,"column":39}},"loc":{"start":{"line":24,"column":60},"end":{"line":28,"column":null}},"line":24},"3":{"name":"(anonymous_3)","decl":{"start":{"line":34,"column":23},"end":{"line":34,"column":63}},"loc":{"start":{"line":34,"column":63},"end":{"line":42,"column":null}},"line":34},"4":{"name":"(anonymous_4)","decl":{"start":{"line":36,"column":46},"end":{"line":36,"column":60}},"loc":{"start":{"line":36,"column":60},"end":{"line":38,"column":null}},"line":36},"5":{"name":"(anonymous_5)","decl":{"start":{"line":45,"column":13},"end":{"line":45,"column":35}},"loc":{"start":{"line":45,"column":35},"end":{"line":73,"column":null}},"line":45},"6":{"name":"(anonymous_6)","decl":{"start":{"line":48,"column":2},"end":{"line":48,"column":18}},"loc":{"start":{"line":48,"column":18},"end":{"line":68,"column":7}},"line":48},"7":{"name":"(anonymous_7)","decl":{"start":{"line":51,"column":28},"end":{"line":51,"column":40}},"loc":{"start":{"line":51,"column":40},"end":{"line":55,"column":null}},"line":51},"8":{"name":"(anonymous_8)","decl":{"start":{"line":59,"column":22},"end":{"line":59,"column":34}},"loc":{"start":{"line":59,"column":34},"end":{"line":63,"column":null}},"line":59},"9":{"name":"(anonymous_9)","decl":{"start":{"line":65,"column":4},"end":{"line":65,"column":17}},"loc":{"start":{"line":65,"column":17},"end":{"line":66,"column":null}},"line":65}},"branchMap":{"0":{"loc":{"start":{"line":23,"column":2},"end":{"line":28,"column":null}},"type":"if","locations":[{"start":{"line":23,"column":2},"end":{"line":28,"column":null}},{"start":{},"end":{}}],"line":23},"1":{"loc":{"start":{"line":23,"column":6},"end":{"line":23,"column":50}},"type":"binary-expr","locations":[{"start":{"line":23,"column":6},"end":{"line":23,"column":19}},{"start":{"line":23,"column":19},"end":{"line":23,"column":50}}],"line":23},"2":{"loc":{"start":{"line":25,"column":6},"end":{"line":26,"column":null}},"type":"if","locations":[{"start":{"line":25,"column":6},"end":{"line":26,"column":null}},{"start":{},"end":{}}],"line":25},"3":{"loc":{"start":{"line":25,"column":10},"end":{"line":25,"column":49}},"type":"binary-expr","locations":[{"start":{"line":25,"column":10},"end":{"line":25,"column":38}},{"start":{"line":25,"column":38},"end":{"line":25,"column":49}}],"line":25},"4":{"loc":{"start":{"line":35,"column":2},"end":{"line":38,"column":null}},"type":"if","locations":[{"start":{"line":35,"column":2},"end":{"line":38,"column":null}},{"start":{},"end":{}}],"line":35},"5":{"loc":{"start":{"line":54,"column":6},"end":{"line":55,"column":null}},"type":"if","locations":[{"start":{"line":54,"column":6},"end":{"line":55,"column":null}},{"start":{},"end":{}}],"line":54},"6":{"loc":{"start":{"line":60,"column":6},"end":{"line":61,"column":null}},"type":"if","locations":[{"start":{"line":60,"column":6},"end":{"line":61,"column":null}},{"start":{},"end":{}}],"line":60}},"s":{"0":2,"1":2,"2":2,"3":2,"4":17,"5":17,"6":85,"7":17,"8":17,"9":0,"10":0,"11":0,"12":17,"13":2,"14":13,"15":13,"16":13,"17":13,"18":13,"19":2,"20":17,"21":17,"22":13,"23":13,"24":13,"25":13,"26":13,"27":13,"28":0,"29":0,"30":13,"31":13,"32":17},"f":{"0":17,"1":85,"2":0,"3":13,"4":13,"5":17,"6":13,"7":13,"8":0,"9":13},"b":{"0":[0,17],"1":[17,0],"2":[0,0],"3":[0,0],"4":[13,0],"5":[13,0],"6":[0,0]},"meta":{"lastBranch":7,"lastFunction":10,"lastStatement":33,"seen":{"s:11:27:11:Infinity":0,"s:12:42:12:Infinity":1,"s:13:57:13:Infinity":2,"s:15:6:31:Infinity":3,"f:15:6:15:30":0,"s:16:22:16:51":4,"s:18:2:20:Infinity":5,"f:18:21:18:30":1,"s:19:4:19:Infinity":6,"s:22:20:22:Infinity":7,"b:23:2:28:Infinity:undefined:undefined:undefined:undefined":0,"s:23:2:28:Infinity":8,"b:23:6:23:19:23:19:23:50":1,"s:24:4:28:Infinity":9,"f:24:30:24:39":2,"b:25:6:26:Infinity:undefined:undefined:undefined:undefined":2,"s:25:6:26:Infinity":10,"b:25:10:25:38:25:38:25:49":3,"s:26:8:26:Infinity":11,"s:31:2:31:Infinity":12,"s:34:23:42:Infinity":13,"f:34:23:34:63":3,"b:35:2:38:Infinity:undefined:undefined:undefined:undefined":4,"s:35:2:38:Infinity":14,"s:36:4:38:Infinity":15,"f:36:46:36:60":4,"s:37:6:37:Infinity":16,"s:41:2:41:Infinity":17,"s:42:2:42:Infinity":18,"s:45:13:73:Infinity":19,"f:45:13:45:35":5,"s:46:21:46:83":20,"s:48:2:68:Infinity":21,"f:48:2:48:18":6,"s:49:20:49:Infinity":22,"s:51:28:55:Infinity":23,"f:51:28:51:40":7,"s:52:25:52:47":24,"b:54:6:55:Infinity:undefined:undefined:undefined:undefined":5,"s:54:6:55:Infinity":25,"s:55:8:55:Infinity":26,"s:59:4:63:Infinity":27,"f:59:22:59:34":8,"b:60:6:61:Infinity:undefined:undefined:undefined:undefined":6,"s:60:6:61:Infinity":28,"s:61:8:61:Infinity":29,"s:65:4:66:Infinity":30,"f:65:4:65:17":9,"s:66:6:66:Infinity":31,"s:70:2:73:Infinity":32}}}
,"C:\\Full Stack\\flower-shop\\frontend\\src\\pages\\BestSellersPage.tsx": {"path":"C:\\Full Stack\\flower-shop\\frontend\\src\\pages\\BestSellersPage.tsx","statementMap":{"0":{"start":{"line":14,"column":6},"end":{"line":24,"column":null}},"1":{"start":{"line":15,"column":16},"end":{"line":17,"column":null}},"2":{"start":{"line":19,"column":2},"end":{"line":24,"column":null}},"3":{"start":{"line":27,"column":6},"end":{"line":110,"column":null}},"4":{"start":{"line":28,"column":19},"end":{"line":28,"column":64}},"5":{"start":{"line":29,"column":20},"end":{"line":29,"column":50}},"6":{"start":{"line":31,"column":2},"end":{"line":54,"column":null}},"7":{"start":{"line":32,"column":20},"end":{"line":32,"column":null}},"8":{"start":{"line":34,"column":28},"end":{"line":44,"column":null}},"9":{"start":{"line":35,"column":6},"end":{"line":44,"column":null}},"10":{"start":{"line":36,"column":25},"end":{"line":36,"column":64}},"11":{"start":{"line":37,"column":22},"end":{"line":37,"column":56}},"12":{"start":{"line":39,"column":8},"end":{"line":40,"column":null}},"13":{"start":{"line":40,"column":10},"end":{"line":40,"column":null}},"14":{"start":{"line":43,"column":8},"end":{"line":44,"column":null}},"15":{"start":{"line":44,"column":10},"end":{"line":44,"column":null}},"16":{"start":{"line":49,"column":4},"end":{"line":49,"column":null}},"17":{"start":{"line":51,"column":4},"end":{"line":52,"column":null}},"18":{"start":{"line":52,"column":6},"end":{"line":52,"column":null}},"19":{"start":{"line":56,"column":2},"end":{"line":110,"column":null}},"20":{"start":{"line":74,"column":16},"end":{"line":93,"column":null}},"21":{"start":{"line":114,"column":0},"end":{"line":114,"column":null}}},"fnMap":{"0":{"name":"(anonymous_0)","decl":{"start":{"line":14,"column":6},"end":{"line":14,"column":26}},"loc":{"start":{"line":14,"column":63},"end":{"line":24,"column":null}},"line":14},"1":{"name":"(anonymous_1)","decl":{"start":{"line":27,"column":6},"end":{"line":27,"column":40}},"loc":{"start":{"line":27,"column":40},"end":{"line":110,"column":null}},"line":27},"2":{"name":"(anonymous_2)","decl":{"start":{"line":31,"column":2},"end":{"line":31,"column":18}},"loc":{"start":{"line":31,"column":18},"end":{"line":54,"column":7}},"line":31},"3":{"name":"(anonymous_3)","decl":{"start":{"line":34,"column":28},"end":{"line":34,"column":40}},"loc":{"start":{"line":34,"column":40},"end":{"line":44,"column":null}},"line":34},"4":{"name":"(anonymous_4)","decl":{"start":{"line":51,"column":4},"end":{"line":51,"column":17}},"loc":{"start":{"line":51,"column":17},"end":{"line":52,"column":null}},"line":51},"5":{"name":"(anonymous_5)","decl":{"start":{"line":73,"column":24},"end":{"line":73,"column":29}},"loc":{"start":{"line":74,"column":16},"end":{"line":93,"column":null}},"line":74}},"branchMap":{"0":{"loc":{"start":{"line":15,"column":16},"end":{"line":17,"column":null}},"type":"cond-expr","locations":[{"start":{"line":16,"column":6},"end":{"line":16,"column":null}},{"start":{"line":17,"column":6},"end":{"line":17,"column":null}}],"line":15},"1":{"loc":{"start":{"line":15,"column":16},"end":{"line":15,"column":null}},"type":"binary-expr","locations":[{"start":{"line":15,"column":16},"end":{"line":15,"column":44}},{"start":{"line":15,"column":48},"end":{"line":15,"column":null}}],"line":15},"2":{"loc":{"start":{"line":37,"column":22},"end":{"line":37,"column":56}},"type":"binary-expr","locations":[{"start":{"line":37,"column":22},"end":{"line":37,"column":50}},{"start":{"line":37,"column":54},"end":{"line":37,"column":56}}],"line":37},"3":{"loc":{"start":{"line":39,"column":8},"end":{"line":40,"column":null}},"type":"if","locations":[{"start":{"line":39,"column":8},"end":{"line":40,"column":null}},{"start":{},"end":{}}],"line":39},"4":{"loc":{"start":{"line":39,"column":12},"end":{"line":39,"column":43}},"type":"binary-expr","locations":[{"start":{"line":39,"column":12},"end":{"line":39,"column":25}},{"start":{"line":39,"column":25},"end":{"line":39,"column":43}}],"line":39},"5":{"loc":{"start":{"line":43,"column":8},"end":{"line":44,"column":null}},"type":"if","locations":[{"start":{"line":43,"column":8},"end":{"line":44,"column":null}},{"start":{},"end":{}}],"line":43},"6":{"loc":{"start":{"line":69,"column":11},"end":{"line":97,"column":null}},"type":"cond-expr","locations":[{"start":{"line":70,"column":12},"end":{"line":71,"column":23}},{"start":{"line":71,"column":14},"end":{"line":97,"column":null}}],"line":69},"7":{"loc":{"start":{"line":71,"column":14},"end":{"line":97,"column":null}},"type":"cond-expr","locations":[{"start":{"line":72,"column":12},"end":{"line":97,"column":13}},{"start":{"line":97,"column":12},"end":{"line":97,"column":null}}],"line":71},"8":{"loc":{"start":{"line":76,"column":21},"end":{"line":86,"column":null}},"type":"cond-expr","locations":[{"start":{"line":77,"column":22},"end":{"line":84,"column":23}},{"start":{"line":84,"column":22},"end":{"line":86,"column":null}}],"line":76}},"s":{"0":1,"1":0,"2":0,"3":1,"4":2,"5":2,"6":2,"7":1,"8":1,"9":1,"10":1,"11":1,"12":1,"13":0,"14":1,"15":1,"16":1,"17":1,"18":1,"19":2,"20":0,"21":1},"f":{"0":0,"1":2,"2":1,"3":1,"4":1,"5":0},"b":{"0":[0,0],"1":[0,0],"2":[1,0],"3":[0,1],"4":[1,1],"5":[1,0],"6":[1,1],"7":[0,1],"8":[0,0]},"meta":{"lastBranch":9,"lastFunction":6,"lastStatement":22,"seen":{"s:14:6:24:Infinity":0,"f:14:6:14:26":0,"s:15:16:17:Infinity":1,"b:16:6:16:Infinity:17:6:17:Infinity":0,"b:15:16:15:44:15:48:15:Infinity":1,"s:19:2:24:Infinity":2,"s:27:6:110:Infinity":3,"f:27:6:27:40":1,"s:28:19:28:64":4,"s:29:20:29:50":5,"s:31:2:54:Infinity":6,"f:31:2:31:18":2,"s:32:20:32:Infinity":7,"s:34:28:44:Infinity":8,"f:34:28:34:40":3,"s:35:6:44:Infinity":9,"s:36:25:36:64":10,"s:37:22:37:56":11,"b:37:22:37:50:37:54:37:56":2,"b:39:8:40:Infinity:undefined:undefined:undefined:undefined":3,"s:39:8:40:Infinity":12,"b:39:12:39:25:39:25:39:43":4,"s:40:10:40:Infinity":13,"b:43:8:44:Infinity:undefined:undefined:undefined:undefined":5,"s:43:8:44:Infinity":14,"s:44:10:44:Infinity":15,"s:49:4:49:Infinity":16,"s:51:4:52:Infinity":17,"f:51:4:51:17":4,"s:52:6:52:Infinity":18,"s:56:2:110:Infinity":19,"b:70:12:71:23:71:14:97:Infinity":6,"b:72:12:97:13:97:12:97:Infinity":7,"f:73:24:73:29":5,"s:74:16:93:Infinity":20,"b:77:22:84:23:84:22:86:Infinity":8,"s:114:0:114:Infinity":21}}}
,"C:\\Full Stack\\flower-shop\\frontend\\src\\pages\\HomePage.tsx": {"path":"C:\\Full Stack\\flower-shop\\frontend\\src\\pages\\HomePage.tsx","statementMap":{"0":{"start":{"line":15,"column":6},"end":{"line":37,"column":null}},"1":{"start":{"line":16,"column":2},"end":{"line":37,"column":null}},"2":{"start":{"line":41,"column":0},"end":{"line":41,"column":null}}},"fnMap":{"0":{"name":"(anonymous_0)","decl":{"start":{"line":15,"column":6},"end":{"line":15,"column":33}},"loc":{"start":{"line":15,"column":33},"end":{"line":37,"column":null}},"line":15}},"branchMap":{},"s":{"0":2,"1":9,"2":2},"f":{"0":9},"b":{},"meta":{"lastBranch":0,"lastFunction":1,"lastStatement":3,"seen":{"s:15:6:37:Infinity":0,"f:15:6:15:33":0,"s:16:2:37:Infinity":1,"s:41:0:41:Infinity":2}}}
,"C:\\Full Stack\\flower-shop\\frontend\\src\\pages\\NotFoundPage.tsx": {"path":"C:\\Full Stack\\flower-shop\\frontend\\src\\pages\\NotFoundPage.tsx","statementMap":{"0":{"start":{"line":1,"column":6},"end":{"line":2,"column":null}},"1":{"start":{"line":2,"column":2},"end":{"line":2,"column":null}}},"fnMap":{"0":{"name":"(anonymous_0)","decl":{"start":{"line":1,"column":6},"end":{"line":1,"column":27}},"loc":{"start":{"line":1,"column":27},"end":{"line":2,"column":null}},"line":1}},"branchMap":{},"s":{"0":1,"1":1},"f":{"0":1},"b":{},"meta":{"lastBranch":0,"lastFunction":1,"lastStatement":2,"seen":{"s:1:6:2:Infinity":0,"f:1:6:1:27":0,"s:2:2:2:Infinity":1}}}
,"C:\\Full Stack\\flower-shop\\frontend\\src\\pages\\ProductDetailPage.tsx": {"path":"C:\\Full Stack\\flower-shop\\frontend\\src\\pages\\ProductDetailPage.tsx","statementMap":{"0":{"start":{"line":9,"column":23},"end":{"line":13,"column":null}},"1":{"start":{"line":15,"column":24},"end":{"line":20,"column":null}},"2":{"start":{"line":22,"column":6},"end":{"line":187,"column":null}},"3":{"start":{"line":23,"column":21},"end":{"line":23,"column":76}},"4":{"start":{"line":24,"column":18},"end":{"line":24,"column":62}},"5":{"start":{"line":25,"column":18},"end":{"line":25,"column":46}},"6":{"start":{"line":26,"column":16},"end":{"line":26,"column":57}},"7":{"start":{"line":27,"column":20},"end":{"line":27,"column":71}},"8":{"start":{"line":29,"column":2},"end":{"line":64,"column":null}},"9":{"start":{"line":30,"column":20},"end":{"line":30,"column":null}},"10":{"start":{"line":32,"column":24},"end":{"line":54,"column":null}},"11":{"start":{"line":33,"column":6},"end":{"line":36,"column":null}},"12":{"start":{"line":34,"column":8},"end":{"line":34,"column":null}},"13":{"start":{"line":35,"column":8},"end":{"line":35,"column":null}},"14":{"start":{"line":36,"column":8},"end":{"line":36,"column":null}},"15":{"start":{"line":39,"column":6},"end":{"line":54,"column":null}},"16":{"start":{"line":40,"column":8},"end":{"line":40,"column":null}},"17":{"start":{"line":41,"column":25},"end":{"line":41,"column":69}},"18":{"start":{"line":43,"column":8},"end":{"line":45,"column":null}},"19":{"start":{"line":44,"column":10},"end":{"line":44,"column":null}},"20":{"start":{"line":45,"column":10},"end":{"line":45,"column":null}},"21":{"start":{"line":48,"column":8},"end":{"line":50,"column":null}},"22":{"start":{"line":49,"column":10},"end":{"line":49,"column":null}},"23":{"start":{"line":50,"column":10},"end":{"line":50,"column":null}},"24":{"start":{"line":53,"column":8},"end":{"line":54,"column":null}},"25":{"start":{"line":54,"column":10},"end":{"line":54,"column":null}},"26":{"start":{"line":59,"column":4},"end":{"line":59,"column":null}},"27":{"start":{"line":61,"column":4},"end":{"line":62,"column":null}},"28":{"start":{"line":62,"column":6},"end":{"line":62,"column":null}},"29":{"start":{"line":66,"column":8},"end":{"line":72,"column":15}},"30":{"start":{"line":67,"column":4},"end":{"line":68,"column":null}},"31":{"start":{"line":68,"column":6},"end":{"line":68,"column":null}},"32":{"start":{"line":71,"column":4},"end":{"line":71,"column":null}},"33":{"start":{"line":74,"column":19},"end":{"line":74,"column":null}},"34":{"start":{"line":76,"column":2},"end":{"line":187,"column":null}},"35":{"start":{"line":119,"column":37},"end":{"line":119,"column":64}},"36":{"start":{"line":126,"column":37},"end":{"line":126,"column":60}},"37":{"start":{"line":133,"column":37},"end":{"line":133,"column":61}},"38":{"start":{"line":161,"column":22},"end":{"line":161,"column":null}},"39":{"start":{"line":169,"column":22},"end":{"line":169,"column":null}},"40":{"start":{"line":191,"column":0},"end":{"line":191,"column":null}}},"fnMap":{"0":{"name":"(anonymous_0)","decl":{"start":{"line":22,"column":6},"end":{"line":22,"column":42}},"loc":{"start":{"line":22,"column":42},"end":{"line":187,"column":null}},"line":22},"1":{"name":"(anonymous_1)","decl":{"start":{"line":29,"column":2},"end":{"line":29,"column":18}},"loc":{"start":{"line":29,"column":18},"end":{"line":64,"column":6}},"line":29},"2":{"name":"(anonymous_2)","decl":{"start":{"line":32,"column":24},"end":{"line":32,"column":36}},"loc":{"start":{"line":32,"column":36},"end":{"line":54,"column":null}},"line":32},"3":{"name":"(anonymous_3)","decl":{"start":{"line":61,"column":4},"end":{"line":61,"column":17}},"loc":{"start":{"line":61,"column":17},"end":{"line":62,"column":null}},"line":61},"4":{"name":"(anonymous_4)","decl":{"start":{"line":66,"column":23},"end":{"line":66,"column":37}},"loc":{"start":{"line":66,"column":37},"end":{"line":72,"column":6}},"line":66},"5":{"name":"(anonymous_5)","decl":{"start":{"line":119,"column":22},"end":{"line":119,"column":37}},"loc":{"start":{"line":119,"column":37},"end":{"line":119,"column":64}},"line":119},"6":{"name":"(anonymous_6)","decl":{"start":{"line":126,"column":22},"end":{"line":126,"column":37}},"loc":{"start":{"line":126,"column":37},"end":{"line":126,"column":60}},"line":126},"7":{"name":"(anonymous_7)","decl":{"start":{"line":133,"column":22},"end":{"line":133,"column":37}},"loc":{"start":{"line":133,"column":37},"end":{"line":133,"column":61}},"line":133},"8":{"name":"(anonymous_8)","decl":{"start":{"line":160,"column":36},"end":{"line":160,"column":41}},"loc":{"start":{"line":161,"column":22},"end":{"line":161,"column":null}},"line":161},"9":{"name":"(anonymous_9)","decl":{"start":{"line":168,"column":37},"end":{"line":168,"column":42}},"loc":{"start":{"line":169,"column":22},"end":{"line":169,"column":null}},"line":169}},"branchMap":{"0":{"loc":{"start":{"line":23,"column":10},"end":{"line":23,"column":28}},"type":"default-arg","locations":[{"start":{"line":23,"column":21},"end":{"line":23,"column":28}}],"line":23},"1":{"loc":{"start":{"line":33,"column":6},"end":{"line":36,"column":null}},"type":"if","locations":[{"start":{"line":33,"column":6},"end":{"line":36,"column":null}},{"start":{},"end":{}}],"line":33},"2":{"loc":{"start":{"line":43,"column":8},"end":{"line":45,"column":null}},"type":"if","locations":[{"start":{"line":43,"column":8},"end":{"line":45,"column":null}},{"start":{},"end":{}}],"line":43},"3":{"loc":{"start":{"line":48,"column":8},"end":{"line":50,"column":null}},"type":"if","locations":[{"start":{"line":48,"column":8},"end":{"line":50,"column":null}},{"start":{},"end":{}}],"line":48},"4":{"loc":{"start":{"line":53,"column":8},"end":{"line":54,"column":null}},"type":"if","locations":[{"start":{"line":53,"column":8},"end":{"line":54,"column":null}},{"start":{},"end":{}}],"line":53},"5":{"loc":{"start":{"line":67,"column":4},"end":{"line":68,"column":null}},"type":"if","locations":[{"start":{"line":67,"column":4},"end":{"line":68,"column":null}},{"start":{},"end":{}}],"line":67},"6":{"loc":{"start":{"line":67,"column":8},"end":{"line":67,"column":81}},"type":"binary-expr","locations":[{"start":{"line":67,"column":8},"end":{"line":67,"column":20}},{"start":{"line":67,"column":20},"end":{"line":67,"column":49}},{"start":{"line":67,"column":53},"end":{"line":67,"column":81}}],"line":67},"7":{"loc":{"start":{"line":74,"column":19},"end":{"line":74,"column":null}},"type":"binary-expr","locations":[{"start":{"line":74,"column":19},"end":{"line":74,"column":40}},{"start":{"line":74,"column":44},"end":{"line":74,"column":null}}],"line":74},"8":{"loc":{"start":{"line":80,"column":11},"end":{"line":182,"column":null}},"type":"cond-expr","locations":[{"start":{"line":81,"column":12},"end":{"line":82,"column":23}},{"start":{"line":82,"column":14},"end":{"line":182,"column":null}}],"line":80},"9":{"loc":{"start":{"line":82,"column":14},"end":{"line":182,"column":null}},"type":"cond-expr","locations":[{"start":{"line":83,"column":12},"end":{"line":93,"column":13}},{"start":{"line":93,"column":12},"end":{"line":182,"column":null}}],"line":82},"10":{"loc":{"start":{"line":82,"column":14},"end":{"line":82,"column":null}},"type":"binary-expr","locations":[{"start":{"line":82,"column":14},"end":{"line":82,"column":23}},{"start":{"line":82,"column":23},"end":{"line":82,"column":null}}],"line":82},"11":{"loc":{"start":{"line":84,"column":49},"end":{"line":84,"column":83}},"type":"binary-expr","locations":[{"start":{"line":84,"column":49},"end":{"line":84,"column":58}},{"start":{"line":84,"column":58},"end":{"line":84,"column":83}}],"line":84},"12":{"loc":{"start":{"line":95,"column":17},"end":{"line":105,"column":null}},"type":"cond-expr","locations":[{"start":{"line":96,"column":18},"end":{"line":103,"column":19}},{"start":{"line":103,"column":18},"end":{"line":105,"column":null}}],"line":95},"13":{"loc":{"start":{"line":120,"column":70},"end":{"line":120,"column":null}},"type":"cond-expr","locations":[{"start":{"line":120,"column":100},"end":{"line":120,"column":132}},{"start":{"line":120,"column":132},"end":{"line":120,"column":null}}],"line":120},"14":{"loc":{"start":{"line":127,"column":70},"end":{"line":127,"column":null}},"type":"cond-expr","locations":[{"start":{"line":127,"column":96},"end":{"line":127,"column":128}},{"start":{"line":127,"column":128},"end":{"line":127,"column":null}}],"line":127},"15":{"loc":{"start":{"line":134,"column":70},"end":{"line":134,"column":null}},"type":"cond-expr","locations":[{"start":{"line":134,"column":97},"end":{"line":134,"column":129}},{"start":{"line":134,"column":129},"end":{"line":134,"column":null}}],"line":134},"16":{"loc":{"start":{"line":141,"column":17},"end":{"line":153,"column":null}},"type":"binary-expr","locations":[{"start":{"line":141,"column":17},"end":{"line":141,"column":null}},{"start":{"line":142,"column":18},"end":{"line":153,"column":null}}],"line":141},"17":{"loc":{"start":{"line":143,"column":24},"end":{"line":143,"column":99}},"type":"binary-expr","locations":[{"start":{"line":143,"column":24},"end":{"line":143,"column":47}},{"start":{"line":143,"column":47},"end":{"line":143,"column":99}}],"line":143},"18":{"loc":{"start":{"line":158,"column":17},"end":{"line":163,"column":null}},"type":"binary-expr","locations":[{"start":{"line":158,"column":17},"end":{"line":158,"column":null}},{"start":{"line":159,"column":18},"end":{"line":163,"column":null}}],"line":158},"19":{"loc":{"start":{"line":166,"column":17},"end":{"line":171,"column":null}},"type":"binary-expr","locations":[{"start":{"line":166,"column":17},"end":{"line":166,"column":null}},{"start":{"line":167,"column":18},"end":{"line":171,"column":null}}],"line":166}},"s":{"0":2,"1":2,"2":2,"3":10,"4":10,"5":10,"6":10,"7":10,"8":10,"9":4,"10":4,"11":4,"12":0,"13":0,"14":0,"15":4,"16":4,"17":4,"18":3,"19":3,"20":3,"21":1,"22":1,"23":1,"24":4,"25":4,"26":4,"27":4,"28":4,"29":10,"30":7,"31":4,"32":3,"33":10,"34":10,"35":0,"36":1,"37":1,"38":3,"39":4,"40":2},"f":{"0":10,"1":4,"2":4,"3":4,"4":7,"5":0,"6":1,"7":1,"8":3,"9":4},"b":{"0":[10],"1":[0,4],"2":[3,0],"3":[1,0],"4":[4,0],"5":[4,3],"6":[7,3,3],"7":[10,5],"8":[4,6],"9":[1,5],"10":[6,5],"11":[1,0],"12":[5,0],"13":[3,2],"14":[1,4],"15":[1,4],"16":[5,3],"17":[3,0],"18":[5,1],"19":[5,1]},"meta":{"lastBranch":20,"lastFunction":10,"lastStatement":41,"seen":{"s:9:23:13:Infinity":0,"s:15:24:20:Infinity":1,"s:22:6:187:Infinity":2,"f:22:6:22:42":0,"s:23:21:23:76":3,"b:23:21:23:28":0,"s:24:18:24:62":4,"s:25:18:25:46":5,"s:26:16:26:57":6,"s:27:20:27:71":7,"s:29:2:64:Infinity":8,"f:29:2:29:18":1,"s:30:20:30:Infinity":9,"s:32:24:54:Infinity":10,"f:32:24:32:36":2,"b:33:6:36:Infinity:undefined:undefined:undefined:undefined":1,"s:33:6:36:Infinity":11,"s:34:8:34:Infinity":12,"s:35:8:35:Infinity":13,"s:36:8:36:Infinity":14,"s:39:6:54:Infinity":15,"s:40:8:40:Infinity":16,"s:41:25:41:69":17,"b:43:8:45:Infinity:undefined:undefined:undefined:undefined":2,"s:43:8:45:Infinity":18,"s:44:10:44:Infinity":19,"s:45:10:45:Infinity":20,"b:48:8:50:Infinity:undefined:undefined:undefined:undefined":3,"s:48:8:50:Infinity":21,"s:49:10:49:Infinity":22,"s:50:10:50:Infinity":23,"b:53:8:54:Infinity:undefined:undefined:undefined:undefined":4,"s:53:8:54:Infinity":24,"s:54:10:54:Infinity":25,"s:59:4:59:Infinity":26,"s:61:4:62:Infinity":27,"f:61:4:61:17":3,"s:62:6:62:Infinity":28,"s:66:8:72:15":29,"f:66:23:66:37":4,"b:67:4:68:Infinity:undefined:undefined:undefined:undefined":5,"s:67:4:68:Infinity":30,"b:67:8:67:20:67:20:67:49:67:53:67:81":6,"s:68:6:68:Infinity":31,"s:71:4:71:Infinity":32,"s:74:19:74:Infinity":33,"b:74:19:74:40:74:44:74:Infinity":7,"s:76:2:187:Infinity":34,"b:81:12:82:23:82:14:182:Infinity":8,"b:83:12:93:13:93:12:182:Infinity":9,"b:82:14:82:23:82:23:82:Infinity":10,"b:84:49:84:58:84:58:84:83":11,"b:96:18:103:19:103:18:105:Infinity":12,"f:119:22:119:37":5,"s:119:37:119:64":35,"b:120:100:120:132:120:132:120:Infinity":13,"f:126:22:126:37":6,"s:126:37:126:60":36,"b:127:96:127:128:127:128:127:Infinity":14,"f:133:22:133:37":7,"s:133:37:133:61":37,"b:134:97:134:129:134:129:134:Infinity":15,"b:141:17:141:Infinity:142:18:153:Infinity":16,"b:143:24:143:47:143:47:143:99":17,"b:158:17:158:Infinity:159:18:163:Infinity":18,"f:160:36:160:41":8,"s:161:22:161:Infinity":38,"b:166:17:166:Infinity:167:18:171:Infinity":19,"f:168:37:168:42":9,"s:169:22:169:Infinity":39,"s:191:0:191:Infinity":40}}}
,"C:\\Full Stack\\flower-shop\\frontend\\src\\pages\\ShopPage.tsx": {"path":"C:\\Full Stack\\flower-shop\\frontend\\src\\pages\\ShopPage.tsx","statementMap":{"0":{"start":{"line":15,"column":6},"end":{"line":25,"column":null}},"1":{"start":{"line":16,"column":16},"end":{"line":18,"column":null}},"2":{"start":{"line":20,"column":2},"end":{"line":25,"column":null}},"3":{"start":{"line":28,"column":6},"end":{"line":123,"column":null}},"4":{"start":{"line":29,"column":10},"end":{"line":29,"column":49}},"5":{"start":{"line":30,"column":19},"end":{"line":30,"column":64}},"6":{"start":{"line":31,"column":20},"end":{"line":31,"column":50}},"7":{"start":{"line":32,"column":18},"end":{"line":32,"column":56}},"8":{"start":{"line":34,"column":2},"end":{"line":76,"column":null}},"9":{"start":{"line":35,"column":20},"end":{"line":35,"column":null}},"10":{"start":{"line":37,"column":25},"end":{"line":66,"column":null}},"11":{"start":{"line":38,"column":6},"end":{"line":66,"column":null}},"12":{"start":{"line":39,"column":8},"end":{"line":39,"column":null}},"13":{"start":{"line":41,"column":8},"end":{"line":50,"column":null}},"14":{"start":{"line":42,"column":27},"end":{"line":42,"column":64}},"15":{"start":{"line":43,"column":27},"end":{"line":43,"column":100}},"16":{"start":{"line":44,"column":24},"end":{"line":44,"column":44}},"17":{"start":{"line":46,"column":10},"end":{"line":48,"column":null}},"18":{"start":{"line":47,"column":12},"end":{"line":47,"column":null}},"19":{"start":{"line":48,"column":12},"end":{"line":48,"column":null}},"20":{"start":{"line":50,"column":10},"end":{"line":50,"column":null}},"21":{"start":{"line":53,"column":25},"end":{"line":53,"column":67}},"22":{"start":{"line":54,"column":22},"end":{"line":54,"column":42}},"23":{"start":{"line":56,"column":8},"end":{"line":58,"column":null}},"24":{"start":{"line":57,"column":10},"end":{"line":57,"column":null}},"25":{"start":{"line":58,"column":10},"end":{"line":58,"column":null}},"26":{"start":{"line":61,"column":8},"end":{"line":62,"column":null}},"27":{"start":{"line":62,"column":10},"end":{"line":62,"column":null}},"28":{"start":{"line":65,"column":8},"end":{"line":66,"column":null}},"29":{"start":{"line":66,"column":10},"end":{"line":66,"column":null}},"30":{"start":{"line":71,"column":4},"end":{"line":71,"column":null}},"31":{"start":{"line":73,"column":4},"end":{"line":74,"column":null}},"32":{"start":{"line":74,"column":6},"end":{"line":74,"column":null}},"33":{"start":{"line":78,"column":2},"end":{"line":123,"column":null}},"34":{"start":{"line":96,"column":16},"end":{"line":115,"column":null}},"35":{"start":{"line":127,"column":0},"end":{"line":127,"column":null}}},"fnMap":{"0":{"name":"(anonymous_0)","decl":{"start":{"line":15,"column":6},"end":{"line":15,"column":26}},"loc":{"start":{"line":15,"column":63},"end":{"line":25,"column":null}},"line":15},"1":{"name":"(anonymous_1)","decl":{"start":{"line":28,"column":6},"end":{"line":28,"column":33}},"loc":{"start":{"line":28,"column":33},"end":{"line":123,"column":null}},"line":28},"2":{"name":"(anonymous_2)","decl":{"start":{"line":34,"column":2},"end":{"line":34,"column":18}},"loc":{"start":{"line":34,"column":18},"end":{"line":76,"column":6}},"line":34},"3":{"name":"(anonymous_3)","decl":{"start":{"line":37,"column":25},"end":{"line":37,"column":37}},"loc":{"start":{"line":37,"column":37},"end":{"line":66,"column":null}},"line":37},"4":{"name":"(anonymous_4)","decl":{"start":{"line":73,"column":4},"end":{"line":73,"column":17}},"loc":{"start":{"line":73,"column":17},"end":{"line":74,"column":null}},"line":73},"5":{"name":"(anonymous_5)","decl":{"start":{"line":95,"column":24},"end":{"line":95,"column":29}},"loc":{"start":{"line":96,"column":16},"end":{"line":115,"column":null}},"line":96}},"branchMap":{"0":{"loc":{"start":{"line":16,"column":16},"end":{"line":18,"column":null}},"type":"cond-expr","locations":[{"start":{"line":17,"column":6},"end":{"line":17,"column":null}},{"start":{"line":18,"column":6},"end":{"line":18,"column":null}}],"line":16},"1":{"loc":{"start":{"line":16,"column":16},"end":{"line":16,"column":null}},"type":"binary-expr","locations":[{"start":{"line":16,"column":16},"end":{"line":16,"column":44}},{"start":{"line":16,"column":48},"end":{"line":16,"column":null}}],"line":16},"2":{"loc":{"start":{"line":41,"column":8},"end":{"line":50,"column":null}},"type":"if","locations":[{"start":{"line":41,"column":8},"end":{"line":50,"column":null}},{"start":{},"end":{}}],"line":41},"3":{"loc":{"start":{"line":44,"column":24},"end":{"line":44,"column":44}},"type":"binary-expr","locations":[{"start":{"line":44,"column":24},"end":{"line":44,"column":42}},{"start":{"line":44,"column":42},"end":{"line":44,"column":44}}],"line":44},"4":{"loc":{"start":{"line":46,"column":10},"end":{"line":48,"column":null}},"type":"if","locations":[{"start":{"line":46,"column":10},"end":{"line":48,"column":null}},{"start":{},"end":{}}],"line":46},"5":{"loc":{"start":{"line":54,"column":22},"end":{"line":54,"column":42}},"type":"binary-expr","locations":[{"start":{"line":54,"column":22},"end":{"line":54,"column":40}},{"start":{"line":54,"column":40},"end":{"line":54,"column":42}}],"line":54},"6":{"loc":{"start":{"line":56,"column":8},"end":{"line":58,"column":null}},"type":"if","locations":[{"start":{"line":56,"column":8},"end":{"line":58,"column":null}},{"start":{},"end":{}}],"line":56},"7":{"loc":{"start":{"line":61,"column":8},"end":{"line":62,"column":null}},"type":"if","locations":[{"start":{"line":61,"column":8},"end":{"line":62,"column":null}},{"start":{},"end":{}}],"line":61},"8":{"loc":{"start":{"line":65,"column":8},"end":{"line":66,"column":null}},"type":"if","locations":[{"start":{"line":65,"column":8},"end":{"line":66,"column":null}},{"start":{},"end":{}}],"line":65},"9":{"loc":{"start":{"line":91,"column":11},"end":{"line":119,"column":null}},"type":"cond-expr","locations":[{"start":{"line":92,"column":12},"end":{"line":93,"column":23}},{"start":{"line":93,"column":14},"end":{"line":119,"column":null}}],"line":91},"10":{"loc":{"start":{"line":93,"column":14},"end":{"line":119,"column":null}},"type":"cond-expr","locations":[{"start":{"line":94,"column":12},"end":{"line":119,"column":13}},{"start":{"line":119,"column":12},"end":{"line":119,"column":null}}],"line":93},"11":{"loc":{"start":{"line":98,"column":21},"end":{"line":108,"column":null}},"type":"cond-expr","locations":[{"start":{"line":99,"column":22},"end":{"line":106,"column":23}},{"start":{"line":106,"column":22},"end":{"line":108,"column":null}}],"line":98}},"s":{"0":2,"1":1,"2":1,"3":2,"4":10,"5":10,"6":10,"7":10,"8":10,"9":5,"10":5,"11":5,"12":5,"13":5,"14":2,"15":2,"16":2,"17":2,"18":2,"19":2,"20":2,"21":3,"22":3,"23":5,"24":3,"25":3,"26":0,"27":0,"28":5,"29":5,"30":5,"31":5,"32":5,"33":10,"34":1,"35":2},"f":{"0":1,"1":10,"2":5,"3":5,"4":5,"5":1},"b":{"0":[1,0],"1":[1,1],"2":[2,3],"3":[2,0],"4":[2,0],"5":[3,0],"6":[3,2],"7":[0,0],"8":[5,0],"9":[5,5],"10":[1,4],"11":[1,0]},"meta":{"lastBranch":12,"lastFunction":6,"lastStatement":36,"seen":{"s:15:6:25:Infinity":0,"f:15:6:15:26":0,"s:16:16:18:Infinity":1,"b:17:6:17:Infinity:18:6:18:Infinity":0,"b:16:16:16:44:16:48:16:Infinity":1,"s:20:2:25:Infinity":2,"s:28:6:123:Infinity":3,"f:28:6:28:33":1,"s:29:10:29:49":4,"s:30:19:30:64":5,"s:31:20:31:50":6,"s:32:18:32:56":7,"s:34:2:76:Infinity":8,"f:34:2:34:18":2,"s:35:20:35:Infinity":9,"s:37:25:66:Infinity":10,"f:37:25:37:37":3,"s:38:6:66:Infinity":11,"s:39:8:39:Infinity":12,"b:41:8:50:Infinity:undefined:undefined:undefined:undefined":2,"s:41:8:50:Infinity":13,"s:42:27:42:64":14,"s:43:27:43:100":15,"s:44:24:44:44":16,"b:44:24:44:42:44:42:44:44":3,"b:46:10:48:Infinity:undefined:undefined:undefined:undefined":4,"s:46:10:48:Infinity":17,"s:47:12:47:Infinity":18,"s:48:12:48:Infinity":19,"s:50:10:50:Infinity":20,"s:53:25:53:67":21,"s:54:22:54:42":22,"b:54:22:54:40:54:40:54:42":5,"b:56:8:58:Infinity:undefined:undefined:undefined:undefined":6,"s:56:8:58:Infinity":23,"s:57:10:57:Infinity":24,"s:58:10:58:Infinity":25,"b:61:8:62:Infinity:undefined:undefined:undefined:undefined":7,"s:61:8:62:Infinity":26,"s:62:10:62:Infinity":27,"b:65:8:66:Infinity:undefined:undefined:undefined:undefined":8,"s:65:8:66:Infinity":28,"s:66:10:66:Infinity":29,"s:71:4:71:Infinity":30,"s:73:4:74:Infinity":31,"f:73:4:73:17":4,"s:74:6:74:Infinity":32,"s:78:2:123:Infinity":33,"b:92:12:93:23:93:14:119:Infinity":9,"b:94:12:119:13:119:12:119:Infinity":10,"f:95:24:95:29":5,"s:96:16:115:Infinity":34,"b:99:22:106:23:106:22:108:Infinity":11,"s:127:0:127:Infinity":35}}}
,"C:\\Full Stack\\flower-shop\\frontend\\src\\pages\\admin\\AdminLoginPage.tsx": {"path":"C:\\Full Stack\\flower-shop\\frontend\\src\\pages\\admin\\AdminLoginPage.tsx","statementMap":{"0":{"start":{"line":1,"column":6},"end":{"line":2,"column":null}},"1":{"start":{"line":2,"column":2},"end":{"line":2,"column":null}}},"fnMap":{"0":{"name":"(anonymous_0)","decl":{"start":{"line":1,"column":6},"end":{"line":1,"column":29}},"loc":{"start":{"line":1,"column":29},"end":{"line":2,"column":null}},"line":1}},"branchMap":{},"s":{"0":1,"1":1},"f":{"0":1},"b":{},"meta":{"lastBranch":0,"lastFunction":1,"lastStatement":2,"seen":{"s:1:6:2:Infinity":0,"f:1:6:1:29":0,"s:2:2:2:Infinity":1}}}
,"C:\\Full Stack\\flower-shop\\frontend\\src\\utils\\cn.ts": {"path":"C:\\Full Stack\\flower-shop\\frontend\\src\\utils\\cn.ts","statementMap":{"0":{"start":{"line":6,"column":2},"end":{"line":18,"column":null}},"1":{"start":{"line":9,"column":6},"end":{"line":10,"column":null}},"2":{"start":{"line":10,"column":8},"end":{"line":10,"column":null}},"3":{"start":{"line":12,"column":6},"end":{"line":13,"column":null}},"4":{"start":{"line":13,"column":8},"end":{"line":13,"column":null}},"5":{"start":{"line":13,"column":59},"end":{"line":13,"column":67}},"6":{"start":{"line":15,"column":6},"end":{"line":15,"column":null}}},"fnMap":{"0":{"name":"cn","decl":{"start":{"line":5,"column":16},"end":{"line":5,"column":19}},"loc":{"start":{"line":5,"column":104},"end":{"line":18,"column":null}},"line":5},"1":{"name":"(anonymous_1)","decl":{"start":{"line":8,"column":5},"end":{"line":8,"column":13}},"loc":{"start":{"line":8,"column":35},"end":{"line":16,"column":9}},"line":8},"2":{"name":"(anonymous_2)","decl":{"start":{"line":13,"column":43},"end":{"line":13,"column":51}},"loc":{"start":{"line":13,"column":59},"end":{"line":13,"column":67}},"line":13}},"branchMap":{"0":{"loc":{"start":{"line":9,"column":6},"end":{"line":10,"column":null}},"type":"if","locations":[{"start":{"line":9,"column":6},"end":{"line":10,"column":null}},{"start":{},"end":{}}],"line":9},"1":{"loc":{"start":{"line":12,"column":6},"end":{"line":13,"column":null}},"type":"if","locations":[{"start":{"line":12,"column":6},"end":{"line":13,"column":null}},{"start":{},"end":{}}],"line":12},"2":{"loc":{"start":{"line":12,"column":10},"end":{"line":12,"column":49}},"type":"binary-expr","locations":[{"start":{"line":12,"column":10},"end":{"line":12,"column":36}},{"start":{"line":12,"column":36},"end":{"line":12,"column":49}}],"line":12}},"s":{"0":59,"1":262,"2":203,"3":59,"4":23,"5":23,"6":36},"f":{"0":59,"1":262,"2":23},"b":{"0":[203,59],"1":[23,36],"2":[59,23]},"meta":{"lastBranch":3,"lastFunction":3,"lastStatement":7,"seen":{"f:5:16:5:19":0,"s:6:2:18:Infinity":0,"f:8:5:8:13":1,"b:9:6:10:Infinity:undefined:undefined:undefined:undefined":0,"s:9:6:10:Infinity":1,"s:10:8:10:Infinity":2,"b:12:6:13:Infinity:undefined:undefined:undefined:undefined":1,"s:12:6:13:Infinity":3,"b:12:10:12:36:12:36:12:49":2,"s:13:8:13:Infinity":4,"f:13:43:13:51":2,"s:13:59:13:67":5,"s:15:6:15:Infinity":6}}}
,"C:\\Full Stack\\flower-shop\\frontend\\src\\utils\\constants.ts": {"path":"C:\\Full Stack\\flower-shop\\frontend\\src\\utils\\constants.ts","statementMap":{"0":{"start":{"line":12,"column":28},"end":{"line":12,"column":null}},"1":{"start":{"line":14,"column":29},"end":{"line":41,"column":null}},"2":{"start":{"line":17,"column":33},"end":{"line":17,"column":null}},"3":{"start":{"line":18,"column":46},"end":{"line":18,"column":null}},"4":{"start":{"line":23,"column":34},"end":{"line":23,"column":null}},"5":{"start":{"line":24,"column":38},"end":{"line":24,"column":null}},"6":{"start":{"line":28,"column":31},"end":{"line":28,"column":null}},"7":{"start":{"line":32,"column":42},"end":{"line":32,"column":null}},"8":{"start":{"line":47,"column":28},"end":{"line":47,"column":null}},"9":{"start":{"line":48,"column":29},"end":{"line":48,"column":null}},"10":{"start":{"line":49,"column":25},"end":{"line":49,"column":null}},"11":{"start":{"line":55,"column":22},"end":{"line":73,"column":null}},"12":{"start":{"line":79,"column":25},"end":{"line":103,"column":null}},"13":{"start":{"line":109,"column":31},"end":{"line":109,"column":null}},"14":{"start":{"line":111,"column":29},"end":{"line":111,"column":119}},"15":{"start":{"line":113,"column":26},"end":{"line":116,"column":3}},"16":{"start":{"line":113,"column":77},"end":{"line":116,"column":3}},"17":{"start":{"line":118,"column":28},"end":{"line":122,"column":3}},"18":{"start":{"line":118,"column":88},"end":{"line":122,"column":3}},"19":{"start":{"line":128,"column":28},"end":{"line":135,"column":null}},"20":{"start":{"line":141,"column":34},"end":{"line":177,"column":null}},"21":{"start":{"line":183,"column":24},"end":{"line":214,"column":null}},"22":{"start":{"line":220,"column":36},"end":{"line":238,"column":null}},"23":{"start":{"line":241,"column":32},"end":{"line":248,"column":null}},"24":{"start":{"line":254,"column":24},"end":{"line":264,"column":null}},"25":{"start":{"line":270,"column":27},"end":{"line":277,"column":null}},"26":{"start":{"line":283,"column":34},"end":{"line":288,"column":null}},"27":{"start":{"line":294,"column":26},"end":{"line":303,"column":null}}},"fnMap":{"0":{"name":"(anonymous_0)","decl":{"start":{"line":17,"column":2},"end":{"line":17,"column":18}},"loc":{"start":{"line":17,"column":33},"end":{"line":17,"column":null}},"line":17},"1":{"name":"(anonymous_1)","decl":{"start":{"line":18,"column":2},"end":{"line":18,"column":25}},"loc":{"start":{"line":18,"column":46},"end":{"line":18,"column":null}},"line":18},"2":{"name":"(anonymous_2)","decl":{"start":{"line":23,"column":2},"end":{"line":23,"column":19}},"loc":{"start":{"line":23,"column":34},"end":{"line":23,"column":null}},"line":23},"3":{"name":"(anonymous_3)","decl":{"start":{"line":24,"column":2},"end":{"line":24,"column":21}},"loc":{"start":{"line":24,"column":38},"end":{"line":24,"column":null}},"line":24},"4":{"name":"(anonymous_4)","decl":{"start":{"line":28,"column":2},"end":{"line":28,"column":16}},"loc":{"start":{"line":28,"column":31},"end":{"line":28,"column":null}},"line":28},"5":{"name":"(anonymous_5)","decl":{"start":{"line":32,"column":2},"end":{"line":32,"column":20}},"loc":{"start":{"line":32,"column":42},"end":{"line":32,"column":null}},"line":32},"6":{"name":"(anonymous_6)","decl":{"start":{"line":113,"column":62},"end":{"line":113,"column":67}},"loc":{"start":{"line":113,"column":77},"end":{"line":116,"column":3}},"line":113},"7":{"name":"(anonymous_7)","decl":{"start":{"line":118,"column":71},"end":{"line":118,"column":76}},"loc":{"start":{"line":118,"column":88},"end":{"line":122,"column":3}},"line":118}},"branchMap":{"0":{"loc":{"start":{"line":12,"column":28},"end":{"line":12,"column":null}},"type":"binary-expr","locations":[{"start":{"line":12,"column":28},"end":{"line":12,"column":60}},{"start":{"line":12,"column":60},"end":{"line":12,"column":null}}],"line":12}},"s":{"0":2,"1":2,"2":0,"3":0,"4":0,"5":0,"6":0,"7":0,"8":2,"9":2,"10":2,"11":2,"12":2,"13":2,"14":2,"15":2,"16":30,"17":2,"18":10,"19":2,"20":2,"21":2,"22":2,"23":2,"24":2,"25":2,"26":2,"27":2},"f":{"0":0,"1":0,"2":0,"3":0,"4":0,"5":0,"6":30,"7":10},"b":{"0":[2,0]},"meta":{"lastBranch":1,"lastFunction":8,"lastStatement":28,"seen":{"s:12:28:12:Infinity":0,"b:12:28:12:60:12:60:12:Infinity":0,"s:14:29:41:Infinity":1,"f:17:2:17:18":0,"s:17:33:17:Infinity":2,"f:18:2:18:25":1,"s:18:46:18:Infinity":3,"f:23:2:23:19":2,"s:23:34:23:Infinity":4,"f:24:2:24:21":3,"s:24:38:24:Infinity":5,"f:28:2:28:16":4,"s:28:31:28:Infinity":6,"f:32:2:32:20":5,"s:32:42:32:Infinity":7,"s:47:28:47:Infinity":8,"s:48:29:48:Infinity":9,"s:49:25:49:Infinity":10,"s:55:22:73:Infinity":11,"s:79:25:103:Infinity":12,"s:109:31:109:Infinity":13,"s:111:29:111:119":14,"s:113:26:116:3":15,"f:113:62:113:67":6,"s:113:77:116:3":16,"s:118:28:122:3":17,"f:118:71:118:76":7,"s:118:88:122:3":18,"s:128:28:135:Infinity":19,"s:141:34:177:Infinity":20,"s:183:24:214:Infinity":21,"s:220:36:238:Infinity":22,"s:241:32:248:Infinity":23,"s:254:24:264:Infinity":24,"s:270:27:277:Infinity":25,"s:283:34:288:Infinity":26,"s:294:26:303:Infinity":27}}}
,"C:\\Full Stack\\flower-shop\\frontend\\src\\utils\\formatPrice.ts": {"path":"C:\\Full Stack\\flower-shop\\frontend\\src\\utils\\formatPrice.ts","statementMap":{"0":{"start":{"line":1,"column":13},"end":{"line":5,"column":null}},"1":{"start":{"line":2,"column":2},"end":{"line":5,"column":null}}},"fnMap":{"0":{"name":"(anonymous_0)","decl":{"start":{"line":1,"column":13},"end":{"line":1,"column":28}},"loc":{"start":{"line":1,"column":63},"end":{"line":5,"column":null}},"line":1}},"branchMap":{},"s":{"0":1,"1":4},"f":{"0":4},"b":{},"meta":{"lastBranch":0,"lastFunction":1,"lastStatement":2,"seen":{"s:1:13:5:Infinity":0,"f:1:13:1:28":0,"s:2:2:5:Infinity":1}}}
,"C:\\Full Stack\\flower-shop\\frontend\\src\\utils\\socialflowersHomepage.ts": {"path":"C:\\Full Stack\\flower-shop\\frontend\\src\\utils\\socialflowersHomepage.ts","statementMap":{"0":{"start":{"line":1,"column":39},"end":{"line":121,"column":null}}},"fnMap":{},"branchMap":{},"s":{"0":3},"f":{},"b":{},"meta":{"lastBranch":0,"lastFunction":0,"lastStatement":1,"seen":{"s:1:39:121:Infinity":0}}}
}
